{"/home/dominic/Development/merchant/src/utilities.ts": {"path":"/home/dominic/Development/merchant/src/utilities.ts","all":false,"statementMap":{"0":{"start":{"line":1,"column":0},"end":{"line":1,"column":33}},"1":{"start":{"line":2,"column":0},"end":{"line":2,"column":0}},"2":{"start":{"line":3,"column":0},"end":{"line":3,"column":28}},"3":{"start":{"line":4,"column":0},"end":{"line":4,"column":30}},"4":{"start":{"line":5,"column":0},"end":{"line":5,"column":67}},"5":{"start":{"line":6,"column":0},"end":{"line":6,"column":0}},"6":{"start":{"line":7,"column":0},"end":{"line":7,"column":42}},"7":{"start":{"line":8,"column":0},"end":{"line":8,"column":33}},"8":{"start":{"line":9,"column":0},"end":{"line":9,"column":38}},"9":{"start":{"line":10,"column":0},"end":{"line":10,"column":38}},"10":{"start":{"line":11,"column":0},"end":{"line":11,"column":0}},"11":{"start":{"line":12,"column":0},"end":{"line":12,"column":94}},"12":{"start":{"line":13,"column":0},"end":{"line":13,"column":1}},"13":{"start":{"line":14,"column":0},"end":{"line":14,"column":0}},"14":{"start":{"line":15,"column":0},"end":{"line":15,"column":57}},"15":{"start":{"line":16,"column":0},"end":{"line":16,"column":55}},"16":{"start":{"line":17,"column":0},"end":{"line":17,"column":1}},"17":{"start":{"line":18,"column":0},"end":{"line":18,"column":0}},"18":{"start":{"line":19,"column":0},"end":{"line":19,"column":59}},"19":{"start":{"line":20,"column":0},"end":{"line":20,"column":43}},"20":{"start":{"line":21,"column":0},"end":{"line":21,"column":1}},"21":{"start":{"line":22,"column":0},"end":{"line":22,"column":0}},"22":{"start":{"line":23,"column":0},"end":{"line":23,"column":71}},"23":{"start":{"line":24,"column":0},"end":{"line":24,"column":85}},"24":{"start":{"line":25,"column":0},"end":{"line":25,"column":1}},"25":{"start":{"line":26,"column":0},"end":{"line":26,"column":0}},"26":{"start":{"line":27,"column":0},"end":{"line":27,"column":34}},"27":{"start":{"line":28,"column":0},"end":{"line":28,"column":62}},"28":{"start":{"line":29,"column":0},"end":{"line":29,"column":64}},"29":{"start":{"line":30,"column":0},"end":{"line":30,"column":1}},"30":{"start":{"line":31,"column":0},"end":{"line":31,"column":0}},"31":{"start":{"line":32,"column":0},"end":{"line":32,"column":49}},"32":{"start":{"line":33,"column":0},"end":{"line":33,"column":54}},"33":{"start":{"line":34,"column":0},"end":{"line":34,"column":1}},"34":{"start":{"line":35,"column":0},"end":{"line":35,"column":0}},"35":{"start":{"line":36,"column":0},"end":{"line":36,"column":43}},"36":{"start":{"line":37,"column":0},"end":{"line":37,"column":54}},"37":{"start":{"line":38,"column":0},"end":{"line":38,"column":1}},"38":{"start":{"line":39,"column":0},"end":{"line":39,"column":0}},"39":{"start":{"line":40,"column":0},"end":{"line":40,"column":49}},"40":{"start":{"line":41,"column":0},"end":{"line":41,"column":63}},"41":{"start":{"line":42,"column":0},"end":{"line":42,"column":1}},"42":{"start":{"line":43,"column":0},"end":{"line":43,"column":0}},"43":{"start":{"line":44,"column":0},"end":{"line":44,"column":52}},"44":{"start":{"line":45,"column":0},"end":{"line":45,"column":64}},"45":{"start":{"line":46,"column":0},"end":{"line":46,"column":1}},"46":{"start":{"line":47,"column":0},"end":{"line":47,"column":0}},"47":{"start":{"line":48,"column":0},"end":{"line":48,"column":52}},"48":{"start":{"line":49,"column":0},"end":{"line":49,"column":47}},"49":{"start":{"line":50,"column":0},"end":{"line":50,"column":1}},"50":{"start":{"line":51,"column":0},"end":{"line":51,"column":0}},"51":{"start":{"line":52,"column":0},"end":{"line":52,"column":44}},"52":{"start":{"line":53,"column":0},"end":{"line":53,"column":0}},"53":{"start":{"line":54,"column":0},"end":{"line":54,"column":159}},"54":{"start":{"line":55,"column":0},"end":{"line":55,"column":64}}},"s":{"0":1,"1":1,"2":1,"3":1,"4":1,"5":1,"6":0,"7":0,"8":0,"9":0,"10":0,"11":0,"12":0,"13":1,"14":0,"15":0,"16":0,"17":1,"18":0,"19":0,"20":0,"21":1,"22":0,"23":0,"24":0,"25":1,"26":0,"27":0,"28":0,"29":0,"30":1,"31":0,"32":0,"33":0,"34":1,"35":0,"36":0,"37":0,"38":1,"39":0,"40":0,"41":0,"42":1,"43":0,"44":0,"45":0,"46":1,"47":0,"48":0,"49":0,"50":1,"51":1,"52":1,"53":1,"54":1},"branchMap":{},"b":{},"fnMap":{"0":{"name":"secondsToHms","decl":{"start":{"line":7,"column":0},"end":{"line":13,"column":1}},"loc":{"start":{"line":7,"column":0},"end":{"line":13,"column":1}},"line":7},"1":{"name":"getRandomInt","decl":{"start":{"line":15,"column":0},"end":{"line":17,"column":1}},"loc":{"start":{"line":15,"column":0},"end":{"line":17,"column":1}},"line":15},"2":{"name":"getRandomFloat","decl":{"start":{"line":19,"column":0},"end":{"line":21,"column":1}},"loc":{"start":{"line":19,"column":0},"end":{"line":21,"column":1}},"line":19},"3":{"name":"formatNumber","decl":{"start":{"line":23,"column":0},"end":{"line":25,"column":1}},"loc":{"start":{"line":23,"column":0},"end":{"line":25,"column":1}},"line":23},"4":{"name":"marketIsOpen","decl":{"start":{"line":27,"column":0},"end":{"line":30,"column":1}},"loc":{"start":{"line":27,"column":0},"end":{"line":30,"column":1}},"line":27},"5":{"name":"toUpperCaseString","decl":{"start":{"line":32,"column":0},"end":{"line":34,"column":1}},"loc":{"start":{"line":32,"column":0},"end":{"line":34,"column":1}},"line":32},"6":{"name":"isAMention","decl":{"start":{"line":36,"column":0},"end":{"line":38,"column":1}},"loc":{"start":{"line":36,"column":0},"end":{"line":38,"column":1}},"line":36},"7":{"name":"findTextArgs","decl":{"start":{"line":40,"column":0},"end":{"line":42,"column":1}},"loc":{"start":{"line":40,"column":0},"end":{"line":42,"column":1}},"line":40},"8":{"name":"findNumericArgs","decl":{"start":{"line":44,"column":0},"end":{"line":46,"column":1}},"loc":{"start":{"line":44,"column":0},"end":{"line":46,"column":1}},"line":44},"9":{"name":"findMentionArgs","decl":{"start":{"line":48,"column":0},"end":{"line":50,"column":1}},"loc":{"start":{"line":48,"column":0},"end":{"line":50,"column":1}},"line":48}},"f":{"0":0,"1":0,"2":0,"3":0,"4":0,"5":0,"6":0,"7":0,"8":0,"9":0}}
,"/home/dominic/Development/merchant/src/database/db-objects.ts": {"path":"/home/dominic/Development/merchant/src/database/db-objects.ts","all":false,"statementMap":{"0":{"start":{"line":1,"column":0},"end":{"line":1,"column":78}},"1":{"start":{"line":2,"column":0},"end":{"line":2,"column":68}},"2":{"start":{"line":3,"column":0},"end":{"line":3,"column":68}},"3":{"start":{"line":4,"column":0},"end":{"line":4,"column":77}},"4":{"start":{"line":5,"column":0},"end":{"line":5,"column":67}},"5":{"start":{"line":6,"column":0},"end":{"line":6,"column":71}},"6":{"start":{"line":7,"column":0},"end":{"line":7,"column":42}},"7":{"start":{"line":8,"column":0},"end":{"line":8,"column":33}},"8":{"start":{"line":9,"column":0},"end":{"line":9,"column":49}},"9":{"start":{"line":10,"column":0},"end":{"line":10,"column":0}},"10":{"start":{"line":11,"column":0},"end":{"line":11,"column":49}},"11":{"start":{"line":12,"column":0},"end":{"line":12,"column":24}},"12":{"start":{"line":13,"column":0},"end":{"line":13,"column":20}},"13":{"start":{"line":14,"column":0},"end":{"line":14,"column":33}},"14":{"start":{"line":15,"column":0},"end":{"line":15,"column":81}},"15":{"start":{"line":16,"column":0},"end":{"line":16,"column":0}},"16":{"start":{"line":17,"column":0},"end":{"line":17,"column":102}},"17":{"start":{"line":18,"column":0},"end":{"line":18,"column":0}},"18":{"start":{"line":19,"column":0},"end":{"line":19,"column":37}},"19":{"start":{"line":20,"column":0},"end":{"line":20,"column":20}},"20":{"start":{"line":21,"column":0},"end":{"line":21,"column":29}},"21":{"start":{"line":22,"column":0},"end":{"line":22,"column":26}},"22":{"start":{"line":23,"column":0},"end":{"line":23,"column":24}},"23":{"start":{"line":24,"column":0},"end":{"line":24,"column":19}},"24":{"start":{"line":25,"column":0},"end":{"line":25,"column":15}},"25":{"start":{"line":26,"column":0},"end":{"line":26,"column":6}},"26":{"start":{"line":27,"column":0},"end":{"line":27,"column":3}},"27":{"start":{"line":28,"column":0},"end":{"line":28,"column":0}},"28":{"start":{"line":29,"column":0},"end":{"line":29,"column":33}},"29":{"start":{"line":30,"column":0},"end":{"line":30,"column":12}},"30":{"start":{"line":31,"column":0},"end":{"line":31,"column":30}},"31":{"start":{"line":32,"column":0},"end":{"line":32,"column":3}},"32":{"start":{"line":33,"column":0},"end":{"line":33,"column":0}},"33":{"start":{"line":34,"column":0},"end":{"line":34,"column":32}},"34":{"start":{"line":35,"column":0},"end":{"line":35,"column":50}},"35":{"start":{"line":36,"column":0},"end":{"line":36,"column":0}},"36":{"start":{"line":37,"column":0},"end":{"line":37,"column":32}},"37":{"start":{"line":38,"column":0},"end":{"line":38,"column":93}},"38":{"start":{"line":39,"column":0},"end":{"line":39,"column":35}},"39":{"start":{"line":40,"column":0},"end":{"line":40,"column":104}},"40":{"start":{"line":41,"column":0},"end":{"line":41,"column":35}},"41":{"start":{"line":42,"column":0},"end":{"line":42,"column":31}},"42":{"start":{"line":43,"column":0},"end":{"line":43,"column":0}},"43":{"start":{"line":44,"column":0},"end":{"line":44,"column":41}},"44":{"start":{"line":45,"column":0},"end":{"line":45,"column":100}},"45":{"start":{"line":46,"column":0},"end":{"line":46,"column":0}},"46":{"start":{"line":47,"column":0},"end":{"line":47,"column":35}},"47":{"start":{"line":48,"column":0},"end":{"line":48,"column":76}},"48":{"start":{"line":49,"column":0},"end":{"line":49,"column":11}},"49":{"start":{"line":50,"column":0},"end":{"line":50,"column":5}},"50":{"start":{"line":51,"column":0},"end":{"line":51,"column":0}},"51":{"start":{"line":52,"column":0},"end":{"line":52,"column":45}},"52":{"start":{"line":53,"column":0},"end":{"line":53,"column":30}},"53":{"start":{"line":54,"column":0},"end":{"line":54,"column":21}},"54":{"start":{"line":55,"column":0},"end":{"line":55,"column":46}},"55":{"start":{"line":56,"column":0},"end":{"line":56,"column":48}},"56":{"start":{"line":57,"column":0},"end":{"line":57,"column":23}},"57":{"start":{"line":58,"column":0},"end":{"line":58,"column":5}},"58":{"start":{"line":59,"column":0},"end":{"line":59,"column":0}},"59":{"start":{"line":60,"column":0},"end":{"line":60,"column":49}},"60":{"start":{"line":61,"column":0},"end":{"line":61,"column":51}},"61":{"start":{"line":62,"column":0},"end":{"line":62,"column":5}},"62":{"start":{"line":63,"column":0},"end":{"line":63,"column":0}},"63":{"start":{"line":64,"column":0},"end":{"line":64,"column":60}},"64":{"start":{"line":65,"column":0},"end":{"line":65,"column":28}},"65":{"start":{"line":66,"column":0},"end":{"line":66,"column":39}},"66":{"start":{"line":67,"column":0},"end":{"line":67,"column":24}},"67":{"start":{"line":68,"column":0},"end":{"line":68,"column":48}},"68":{"start":{"line":69,"column":0},"end":{"line":69,"column":40}},"69":{"start":{"line":70,"column":0},"end":{"line":70,"column":5}},"70":{"start":{"line":71,"column":0},"end":{"line":71,"column":0}},"71":{"start":{"line":72,"column":0},"end":{"line":72,"column":54}},"72":{"start":{"line":73,"column":0},"end":{"line":73,"column":33}},"73":{"start":{"line":74,"column":0},"end":{"line":74,"column":24}},"74":{"start":{"line":75,"column":0},"end":{"line":75,"column":41}},"75":{"start":{"line":76,"column":0},"end":{"line":76,"column":16}},"76":{"start":{"line":77,"column":0},"end":{"line":77,"column":25}},"77":{"start":{"line":78,"column":0},"end":{"line":78,"column":56}},"78":{"start":{"line":79,"column":0},"end":{"line":79,"column":9}},"79":{"start":{"line":80,"column":0},"end":{"line":80,"column":5}},"80":{"start":{"line":81,"column":0},"end":{"line":81,"column":0}},"81":{"start":{"line":82,"column":0},"end":{"line":82,"column":90}},"82":{"start":{"line":83,"column":0},"end":{"line":83,"column":77}},"83":{"start":{"line":84,"column":0},"end":{"line":84,"column":0}},"84":{"start":{"line":85,"column":0},"end":{"line":85,"column":13}},"85":{"start":{"line":86,"column":0},"end":{"line":86,"column":44}},"86":{"start":{"line":87,"column":0},"end":{"line":87,"column":43}},"87":{"start":{"line":88,"column":0},"end":{"line":88,"column":28}},"88":{"start":{"line":89,"column":0},"end":{"line":89,"column":52}},"89":{"start":{"line":90,"column":0},"end":{"line":90,"column":44}},"90":{"start":{"line":91,"column":0},"end":{"line":91,"column":0}},"91":{"start":{"line":92,"column":0},"end":{"line":92,"column":25}},"92":{"start":{"line":93,"column":0},"end":{"line":93,"column":38}},"93":{"start":{"line":94,"column":0},"end":{"line":94,"column":48}},"94":{"start":{"line":95,"column":0},"end":{"line":95,"column":33}},"95":{"start":{"line":96,"column":0},"end":{"line":96,"column":56}},"96":{"start":{"line":97,"column":0},"end":{"line":97,"column":35}},"97":{"start":{"line":98,"column":0},"end":{"line":98,"column":55}},"98":{"start":{"line":99,"column":0},"end":{"line":99,"column":20}},"99":{"start":{"line":100,"column":0},"end":{"line":100,"column":38}},"100":{"start":{"line":101,"column":0},"end":{"line":101,"column":47}},"101":{"start":{"line":102,"column":0},"end":{"line":102,"column":36}},"102":{"start":{"line":103,"column":0},"end":{"line":103,"column":35}},"103":{"start":{"line":104,"column":0},"end":{"line":104,"column":55}},"104":{"start":{"line":105,"column":0},"end":{"line":105,"column":13}},"105":{"start":{"line":106,"column":0},"end":{"line":106,"column":0}},"106":{"start":{"line":107,"column":0},"end":{"line":107,"column":58}},"107":{"start":{"line":108,"column":0},"end":{"line":108,"column":25}},"108":{"start":{"line":109,"column":0},"end":{"line":109,"column":33}},"109":{"start":{"line":110,"column":0},"end":{"line":110,"column":24}},"110":{"start":{"line":111,"column":0},"end":{"line":111,"column":9}},"111":{"start":{"line":112,"column":0},"end":{"line":112,"column":5}},"112":{"start":{"line":113,"column":0},"end":{"line":113,"column":0}},"113":{"start":{"line":114,"column":0},"end":{"line":114,"column":0}},"114":{"start":{"line":115,"column":0},"end":{"line":115,"column":127}},"115":{"start":{"line":116,"column":0},"end":{"line":116,"column":60}},"116":{"start":{"line":117,"column":0},"end":{"line":117,"column":21}},"117":{"start":{"line":118,"column":0},"end":{"line":118,"column":35}},"118":{"start":{"line":119,"column":0},"end":{"line":119,"column":31}},"119":{"start":{"line":120,"column":0},"end":{"line":120,"column":37}},"120":{"start":{"line":121,"column":0},"end":{"line":121,"column":28}},"121":{"start":{"line":122,"column":0},"end":{"line":122,"column":5}},"122":{"start":{"line":123,"column":0},"end":{"line":123,"column":1}},"123":{"start":{"line":124,"column":0},"end":{"line":124,"column":0}},"124":{"start":{"line":125,"column":0},"end":{"line":125,"column":37}},"125":{"start":{"line":126,"column":0},"end":{"line":126,"column":54}},"126":{"start":{"line":127,"column":0},"end":{"line":127,"column":33}},"127":{"start":{"line":128,"column":0},"end":{"line":128,"column":24}},"128":{"start":{"line":129,"column":0},"end":{"line":129,"column":41}},"129":{"start":{"line":130,"column":0},"end":{"line":130,"column":16}},"130":{"start":{"line":131,"column":0},"end":{"line":131,"column":25}},"131":{"start":{"line":132,"column":0},"end":{"line":132,"column":44}},"132":{"start":{"line":133,"column":0},"end":{"line":133,"column":9}},"133":{"start":{"line":134,"column":0},"end":{"line":134,"column":5}},"134":{"start":{"line":135,"column":0},"end":{"line":135,"column":4}},"135":{"start":{"line":136,"column":0},"end":{"line":136,"column":70}},"136":{"start":{"line":137,"column":0},"end":{"line":137,"column":45}},"137":{"start":{"line":138,"column":0},"end":{"line":138,"column":8}},"138":{"start":{"line":139,"column":0},"end":{"line":139,"column":65}},"139":{"start":{"line":140,"column":0},"end":{"line":140,"column":43}},"140":{"start":{"line":141,"column":0},"end":{"line":141,"column":0}},"141":{"start":{"line":142,"column":0},"end":{"line":142,"column":33}},"142":{"start":{"line":143,"column":0},"end":{"line":143,"column":31}},"143":{"start":{"line":144,"column":0},"end":{"line":144,"column":11}},"144":{"start":{"line":145,"column":0},"end":{"line":145,"column":5}},"145":{"start":{"line":146,"column":0},"end":{"line":146,"column":0}},"146":{"start":{"line":147,"column":0},"end":{"line":147,"column":68}},"147":{"start":{"line":148,"column":0},"end":{"line":148,"column":45}},"148":{"start":{"line":149,"column":0},"end":{"line":149,"column":0}},"149":{"start":{"line":150,"column":0},"end":{"line":150,"column":61}},"150":{"start":{"line":151,"column":0},"end":{"line":151,"column":39}},"151":{"start":{"line":152,"column":0},"end":{"line":152,"column":0}},"152":{"start":{"line":153,"column":0},"end":{"line":153,"column":33}},"153":{"start":{"line":154,"column":0},"end":{"line":154,"column":27}},"154":{"start":{"line":155,"column":0},"end":{"line":155,"column":11}},"155":{"start":{"line":156,"column":0},"end":{"line":156,"column":5}},"156":{"start":{"line":157,"column":0},"end":{"line":157,"column":0}},"157":{"start":{"line":158,"column":0},"end":{"line":158,"column":77}},"158":{"start":{"line":159,"column":0},"end":{"line":159,"column":45}},"159":{"start":{"line":160,"column":0},"end":{"line":160,"column":0}},"160":{"start":{"line":161,"column":0},"end":{"line":161,"column":80}},"161":{"start":{"line":162,"column":0},"end":{"line":162,"column":57}},"162":{"start":{"line":163,"column":0},"end":{"line":163,"column":0}},"163":{"start":{"line":164,"column":0},"end":{"line":164,"column":33}},"164":{"start":{"line":165,"column":0},"end":{"line":165,"column":46}},"165":{"start":{"line":166,"column":0},"end":{"line":166,"column":11}},"166":{"start":{"line":167,"column":0},"end":{"line":167,"column":5}},"167":{"start":{"line":168,"column":0},"end":{"line":168,"column":4}},"168":{"start":{"line":169,"column":0},"end":{"line":169,"column":86}},"169":{"start":{"line":170,"column":0},"end":{"line":170,"column":37}},"170":{"start":{"line":171,"column":0},"end":{"line":171,"column":0}},"171":{"start":{"line":172,"column":0},"end":{"line":172,"column":58}},"172":{"start":{"line":173,"column":0},"end":{"line":173,"column":35}},"173":{"start":{"line":174,"column":0},"end":{"line":174,"column":64}},"174":{"start":{"line":175,"column":0},"end":{"line":175,"column":60}},"175":{"start":{"line":176,"column":0},"end":{"line":176,"column":12}},"176":{"start":{"line":177,"column":0},"end":{"line":177,"column":28}},"177":{"start":{"line":178,"column":0},"end":{"line":178,"column":23}},"178":{"start":{"line":179,"column":0},"end":{"line":179,"column":0}},"179":{"start":{"line":180,"column":0},"end":{"line":180,"column":29}},"180":{"start":{"line":181,"column":0},"end":{"line":181,"column":92}},"181":{"start":{"line":182,"column":0},"end":{"line":182,"column":42}},"182":{"start":{"line":183,"column":0},"end":{"line":183,"column":45}},"183":{"start":{"line":184,"column":0},"end":{"line":184,"column":32}},"184":{"start":{"line":185,"column":0},"end":{"line":185,"column":58}},"185":{"start":{"line":186,"column":0},"end":{"line":186,"column":58}},"186":{"start":{"line":187,"column":0},"end":{"line":187,"column":40}},"187":{"start":{"line":188,"column":0},"end":{"line":188,"column":0}},"188":{"start":{"line":189,"column":0},"end":{"line":189,"column":32}},"189":{"start":{"line":190,"column":0},"end":{"line":190,"column":44}},"190":{"start":{"line":191,"column":0},"end":{"line":191,"column":0}},"191":{"start":{"line":192,"column":0},"end":{"line":192,"column":29}},"192":{"start":{"line":193,"column":0},"end":{"line":193,"column":49}},"193":{"start":{"line":194,"column":0},"end":{"line":194,"column":33}},"194":{"start":{"line":195,"column":0},"end":{"line":195,"column":60}},"195":{"start":{"line":196,"column":0},"end":{"line":196,"column":60}},"196":{"start":{"line":197,"column":0},"end":{"line":197,"column":44}},"197":{"start":{"line":198,"column":0},"end":{"line":198,"column":26}},"198":{"start":{"line":199,"column":0},"end":{"line":199,"column":35}},"199":{"start":{"line":200,"column":0},"end":{"line":200,"column":24}},"200":{"start":{"line":201,"column":0},"end":{"line":201,"column":67}},"201":{"start":{"line":202,"column":0},"end":{"line":202,"column":29}},"202":{"start":{"line":203,"column":0},"end":{"line":203,"column":50}},"203":{"start":{"line":204,"column":0},"end":{"line":204,"column":55}},"204":{"start":{"line":205,"column":0},"end":{"line":205,"column":62}},"205":{"start":{"line":206,"column":0},"end":{"line":206,"column":62}},"206":{"start":{"line":207,"column":0},"end":{"line":207,"column":35}},"207":{"start":{"line":208,"column":0},"end":{"line":208,"column":17}},"208":{"start":{"line":209,"column":0},"end":{"line":209,"column":0}},"209":{"start":{"line":210,"column":0},"end":{"line":210,"column":46}},"210":{"start":{"line":211,"column":0},"end":{"line":211,"column":36}},"211":{"start":{"line":212,"column":0},"end":{"line":212,"column":72}},"212":{"start":{"line":213,"column":0},"end":{"line":213,"column":42}},"213":{"start":{"line":214,"column":0},"end":{"line":214,"column":45}},"214":{"start":{"line":215,"column":0},"end":{"line":215,"column":32}},"215":{"start":{"line":216,"column":0},"end":{"line":216,"column":58}},"216":{"start":{"line":217,"column":0},"end":{"line":217,"column":58}},"217":{"start":{"line":218,"column":0},"end":{"line":218,"column":40}},"218":{"start":{"line":219,"column":0},"end":{"line":219,"column":0}},"219":{"start":{"line":220,"column":0},"end":{"line":220,"column":31}},"220":{"start":{"line":221,"column":0},"end":{"line":221,"column":90}},"221":{"start":{"line":222,"column":0},"end":{"line":222,"column":43}},"222":{"start":{"line":223,"column":0},"end":{"line":223,"column":33}},"223":{"start":{"line":224,"column":0},"end":{"line":224,"column":53}},"224":{"start":{"line":225,"column":0},"end":{"line":225,"column":66}},"225":{"start":{"line":226,"column":0},"end":{"line":226,"column":66}},"226":{"start":{"line":227,"column":0},"end":{"line":227,"column":39}},"227":{"start":{"line":228,"column":0},"end":{"line":228,"column":93}},"228":{"start":{"line":229,"column":0},"end":{"line":229,"column":28}},"229":{"start":{"line":230,"column":0},"end":{"line":230,"column":33}},"230":{"start":{"line":231,"column":0},"end":{"line":231,"column":54}},"231":{"start":{"line":232,"column":0},"end":{"line":232,"column":59}},"232":{"start":{"line":233,"column":0},"end":{"line":233,"column":66}},"233":{"start":{"line":234,"column":0},"end":{"line":234,"column":66}},"234":{"start":{"line":235,"column":0},"end":{"line":235,"column":39}},"235":{"start":{"line":236,"column":0},"end":{"line":236,"column":100}},"236":{"start":{"line":237,"column":0},"end":{"line":237,"column":21}},"237":{"start":{"line":238,"column":0},"end":{"line":238,"column":17}},"238":{"start":{"line":239,"column":0},"end":{"line":239,"column":13}},"239":{"start":{"line":240,"column":0},"end":{"line":240,"column":11}},"240":{"start":{"line":241,"column":0},"end":{"line":241,"column":0}},"241":{"start":{"line":242,"column":0},"end":{"line":242,"column":36}},"242":{"start":{"line":243,"column":0},"end":{"line":243,"column":5}},"243":{"start":{"line":244,"column":0},"end":{"line":244,"column":0}},"244":{"start":{"line":245,"column":0},"end":{"line":245,"column":0}},"245":{"start":{"line":246,"column":0},"end":{"line":246,"column":70}},"246":{"start":{"line":247,"column":0},"end":{"line":247,"column":35}},"247":{"start":{"line":248,"column":0},"end":{"line":248,"column":0}},"248":{"start":{"line":249,"column":0},"end":{"line":249,"column":33}},"249":{"start":{"line":250,"column":0},"end":{"line":250,"column":27}},"250":{"start":{"line":251,"column":0},"end":{"line":251,"column":11}},"251":{"start":{"line":252,"column":0},"end":{"line":252,"column":5}},"252":{"start":{"line":253,"column":0},"end":{"line":253,"column":0}},"253":{"start":{"line":254,"column":0},"end":{"line":254,"column":77}},"254":{"start":{"line":255,"column":0},"end":{"line":255,"column":35}},"255":{"start":{"line":256,"column":0},"end":{"line":256,"column":0}},"256":{"start":{"line":257,"column":0},"end":{"line":257,"column":33}},"257":{"start":{"line":258,"column":0},"end":{"line":258,"column":35}},"258":{"start":{"line":259,"column":0},"end":{"line":259,"column":11}},"259":{"start":{"line":260,"column":0},"end":{"line":260,"column":5}},"260":{"start":{"line":261,"column":0},"end":{"line":261,"column":0}},"261":{"start":{"line":262,"column":0},"end":{"line":262,"column":56}},"262":{"start":{"line":263,"column":0},"end":{"line":263,"column":45}},"263":{"start":{"line":264,"column":0},"end":{"line":264,"column":28}},"264":{"start":{"line":265,"column":0},"end":{"line":265,"column":5}},"265":{"start":{"line":266,"column":0},"end":{"line":266,"column":0}},"266":{"start":{"line":267,"column":0},"end":{"line":267,"column":54}},"267":{"start":{"line":268,"column":0},"end":{"line":268,"column":45}},"268":{"start":{"line":269,"column":0},"end":{"line":269,"column":26}},"269":{"start":{"line":270,"column":0},"end":{"line":270,"column":5}},"270":{"start":{"line":271,"column":0},"end":{"line":271,"column":0}},"271":{"start":{"line":272,"column":0},"end":{"line":272,"column":63}},"272":{"start":{"line":273,"column":0},"end":{"line":273,"column":45}},"273":{"start":{"line":274,"column":0},"end":{"line":274,"column":36}},"274":{"start":{"line":275,"column":0},"end":{"line":275,"column":5}},"275":{"start":{"line":276,"column":0},"end":{"line":276,"column":0}},"276":{"start":{"line":277,"column":0},"end":{"line":277,"column":58}},"277":{"start":{"line":278,"column":0},"end":{"line":278,"column":51}},"278":{"start":{"line":279,"column":0},"end":{"line":279,"column":0}},"279":{"start":{"line":280,"column":0},"end":{"line":280,"column":63}},"280":{"start":{"line":281,"column":0},"end":{"line":281,"column":47}},"281":{"start":{"line":282,"column":0},"end":{"line":282,"column":14}},"282":{"start":{"line":283,"column":0},"end":{"line":283,"column":0}},"283":{"start":{"line":284,"column":0},"end":{"line":284,"column":25}},"284":{"start":{"line":285,"column":0},"end":{"line":285,"column":5}},"285":{"start":{"line":286,"column":0},"end":{"line":286,"column":0}},"286":{"start":{"line":287,"column":0},"end":{"line":287,"column":84}},"287":{"start":{"line":288,"column":0},"end":{"line":288,"column":48}},"288":{"start":{"line":289,"column":0},"end":{"line":289,"column":37}},"289":{"start":{"line":290,"column":0},"end":{"line":290,"column":24}},"290":{"start":{"line":291,"column":0},"end":{"line":291,"column":58}},"291":{"start":{"line":292,"column":0},"end":{"line":292,"column":58}},"292":{"start":{"line":293,"column":0},"end":{"line":293,"column":44}},"293":{"start":{"line":294,"column":0},"end":{"line":294,"column":8}},"294":{"start":{"line":295,"column":0},"end":{"line":295,"column":24}},"295":{"start":{"line":296,"column":0},"end":{"line":296,"column":5}},"296":{"start":{"line":297,"column":0},"end":{"line":297,"column":0}},"297":{"start":{"line":298,"column":0},"end":{"line":298,"column":58}},"298":{"start":{"line":299,"column":0},"end":{"line":299,"column":51}},"299":{"start":{"line":300,"column":0},"end":{"line":300,"column":37}},"300":{"start":{"line":301,"column":0},"end":{"line":301,"column":24}},"301":{"start":{"line":302,"column":0},"end":{"line":302,"column":58}},"302":{"start":{"line":303,"column":0},"end":{"line":303,"column":37}},"303":{"start":{"line":304,"column":0},"end":{"line":304,"column":25}},"304":{"start":{"line":305,"column":0},"end":{"line":305,"column":5}},"305":{"start":{"line":306,"column":0},"end":{"line":306,"column":0}},"306":{"start":{"line":307,"column":0},"end":{"line":307,"column":63}},"307":{"start":{"line":308,"column":0},"end":{"line":308,"column":63}},"308":{"start":{"line":309,"column":0},"end":{"line":309,"column":74}},"309":{"start":{"line":310,"column":0},"end":{"line":310,"column":0}},"310":{"start":{"line":311,"column":0},"end":{"line":311,"column":31}},"311":{"start":{"line":312,"column":0},"end":{"line":312,"column":45}},"312":{"start":{"line":313,"column":0},"end":{"line":313,"column":88}},"313":{"start":{"line":314,"column":0},"end":{"line":314,"column":63}},"314":{"start":{"line":315,"column":0},"end":{"line":315,"column":9}},"315":{"start":{"line":316,"column":0},"end":{"line":316,"column":8}},"316":{"start":{"line":317,"column":0},"end":{"line":317,"column":29}},"317":{"start":{"line":318,"column":0},"end":{"line":318,"column":5}},"318":{"start":{"line":319,"column":0},"end":{"line":319,"column":0}},"319":{"start":{"line":320,"column":0},"end":{"line":320,"column":59}},"320":{"start":{"line":321,"column":0},"end":{"line":321,"column":63}},"321":{"start":{"line":322,"column":0},"end":{"line":322,"column":0}},"322":{"start":{"line":323,"column":0},"end":{"line":323,"column":52}},"323":{"start":{"line":324,"column":0},"end":{"line":324,"column":38}},"324":{"start":{"line":325,"column":0},"end":{"line":325,"column":31}},"325":{"start":{"line":326,"column":0},"end":{"line":326,"column":58}},"326":{"start":{"line":327,"column":0},"end":{"line":327,"column":23}},"327":{"start":{"line":328,"column":0},"end":{"line":328,"column":38}},"328":{"start":{"line":329,"column":0},"end":{"line":329,"column":0}},"329":{"start":{"line":330,"column":0},"end":{"line":330,"column":53}},"330":{"start":{"line":331,"column":0},"end":{"line":331,"column":49}},"331":{"start":{"line":332,"column":0},"end":{"line":332,"column":40}},"332":{"start":{"line":333,"column":0},"end":{"line":333,"column":70}},"333":{"start":{"line":334,"column":0},"end":{"line":334,"column":9}},"334":{"start":{"line":335,"column":0},"end":{"line":335,"column":8}},"335":{"start":{"line":336,"column":0},"end":{"line":336,"column":59}},"336":{"start":{"line":337,"column":0},"end":{"line":337,"column":5}},"337":{"start":{"line":338,"column":0},"end":{"line":338,"column":4}},"338":{"start":{"line":339,"column":0},"end":{"line":339,"column":83}},"339":{"start":{"line":340,"column":0},"end":{"line":340,"column":27}},"340":{"start":{"line":341,"column":0},"end":{"line":341,"column":38}},"341":{"start":{"line":342,"column":0},"end":{"line":342,"column":24}},"342":{"start":{"line":343,"column":0},"end":{"line":343,"column":58}},"343":{"start":{"line":344,"column":0},"end":{"line":344,"column":0}},"344":{"start":{"line":345,"column":0},"end":{"line":345,"column":26}},"345":{"start":{"line":346,"column":0},"end":{"line":346,"column":67}},"346":{"start":{"line":347,"column":0},"end":{"line":347,"column":18}},"347":{"start":{"line":348,"column":0},"end":{"line":348,"column":8}},"348":{"start":{"line":349,"column":0},"end":{"line":349,"column":16}},"349":{"start":{"line":350,"column":0},"end":{"line":350,"column":23}},"350":{"start":{"line":351,"column":0},"end":{"line":351,"column":46}},"351":{"start":{"line":352,"column":0},"end":{"line":352,"column":41}},"352":{"start":{"line":353,"column":0},"end":{"line":353,"column":10}},"353":{"start":{"line":354,"column":0},"end":{"line":354,"column":5}},"354":{"start":{"line":355,"column":0},"end":{"line":355,"column":4}},"355":{"start":{"line":356,"column":0},"end":{"line":356,"column":88}},"356":{"start":{"line":357,"column":0},"end":{"line":357,"column":35}},"357":{"start":{"line":358,"column":0},"end":{"line":358,"column":8}},"358":{"start":{"line":359,"column":0},"end":{"line":359,"column":58}},"359":{"start":{"line":360,"column":0},"end":{"line":360,"column":67}},"360":{"start":{"line":361,"column":0},"end":{"line":361,"column":93}},"361":{"start":{"line":362,"column":0},"end":{"line":362,"column":0}},"362":{"start":{"line":363,"column":0},"end":{"line":363,"column":89}},"363":{"start":{"line":364,"column":0},"end":{"line":364,"column":47}},"364":{"start":{"line":365,"column":0},"end":{"line":365,"column":23}},"365":{"start":{"line":366,"column":0},"end":{"line":366,"column":12}},"366":{"start":{"line":367,"column":0},"end":{"line":367,"column":29}},"367":{"start":{"line":368,"column":0},"end":{"line":368,"column":40}},"368":{"start":{"line":369,"column":0},"end":{"line":369,"column":16}},"369":{"start":{"line":370,"column":0},"end":{"line":370,"column":62}},"370":{"start":{"line":371,"column":0},"end":{"line":371,"column":25}},"371":{"start":{"line":372,"column":0},"end":{"line":372,"column":46}},"372":{"start":{"line":373,"column":0},"end":{"line":373,"column":29}},"373":{"start":{"line":374,"column":0},"end":{"line":374,"column":56}},"374":{"start":{"line":375,"column":0},"end":{"line":375,"column":58}},"375":{"start":{"line":376,"column":0},"end":{"line":376,"column":88}},"376":{"start":{"line":377,"column":0},"end":{"line":377,"column":41}},"377":{"start":{"line":378,"column":0},"end":{"line":378,"column":58}},"378":{"start":{"line":379,"column":0},"end":{"line":379,"column":22}},"379":{"start":{"line":380,"column":0},"end":{"line":380,"column":31}},"380":{"start":{"line":381,"column":0},"end":{"line":381,"column":16}},"381":{"start":{"line":382,"column":0},"end":{"line":382,"column":44}},"382":{"start":{"line":383,"column":0},"end":{"line":383,"column":13}},"383":{"start":{"line":384,"column":0},"end":{"line":384,"column":34}},"384":{"start":{"line":385,"column":0},"end":{"line":385,"column":73}},"385":{"start":{"line":386,"column":0},"end":{"line":386,"column":44}},"386":{"start":{"line":387,"column":0},"end":{"line":387,"column":46}},"387":{"start":{"line":388,"column":0},"end":{"line":388,"column":32}},"388":{"start":{"line":389,"column":0},"end":{"line":389,"column":66}},"389":{"start":{"line":390,"column":0},"end":{"line":390,"column":68}},"390":{"start":{"line":391,"column":0},"end":{"line":391,"column":50}},"391":{"start":{"line":392,"column":0},"end":{"line":392,"column":31}},"392":{"start":{"line":393,"column":0},"end":{"line":393,"column":0}},"393":{"start":{"line":394,"column":0},"end":{"line":394,"column":53}},"394":{"start":{"line":395,"column":0},"end":{"line":395,"column":39}},"395":{"start":{"line":396,"column":0},"end":{"line":396,"column":30}},"396":{"start":{"line":397,"column":0},"end":{"line":397,"column":0}},"397":{"start":{"line":398,"column":0},"end":{"line":398,"column":55}},"398":{"start":{"line":399,"column":0},"end":{"line":399,"column":57}},"399":{"start":{"line":400,"column":0},"end":{"line":400,"column":0}},"400":{"start":{"line":401,"column":0},"end":{"line":401,"column":53}},"401":{"start":{"line":402,"column":0},"end":{"line":402,"column":58}},"402":{"start":{"line":403,"column":0},"end":{"line":403,"column":30}},"403":{"start":{"line":404,"column":0},"end":{"line":404,"column":21}},"404":{"start":{"line":405,"column":0},"end":{"line":405,"column":0}},"405":{"start":{"line":406,"column":0},"end":{"line":406,"column":96}},"406":{"start":{"line":407,"column":0},"end":{"line":407,"column":0}},"407":{"start":{"line":408,"column":0},"end":{"line":408,"column":51}},"408":{"start":{"line":409,"column":0},"end":{"line":409,"column":90}},"409":{"start":{"line":410,"column":0},"end":{"line":410,"column":33}},"410":{"start":{"line":411,"column":0},"end":{"line":411,"column":54}},"411":{"start":{"line":412,"column":0},"end":{"line":412,"column":74}},"412":{"start":{"line":413,"column":0},"end":{"line":413,"column":76}},"413":{"start":{"line":414,"column":0},"end":{"line":414,"column":81}},"414":{"start":{"line":415,"column":0},"end":{"line":415,"column":39}},"415":{"start":{"line":416,"column":0},"end":{"line":416,"column":0}},"416":{"start":{"line":417,"column":0},"end":{"line":417,"column":117}},"417":{"start":{"line":418,"column":0},"end":{"line":418,"column":28}},"418":{"start":{"line":419,"column":0},"end":{"line":419,"column":82}},"419":{"start":{"line":420,"column":0},"end":{"line":420,"column":33}},"420":{"start":{"line":421,"column":0},"end":{"line":421,"column":55}},"421":{"start":{"line":422,"column":0},"end":{"line":422,"column":67}},"422":{"start":{"line":423,"column":0},"end":{"line":423,"column":74}},"423":{"start":{"line":424,"column":0},"end":{"line":424,"column":76}},"424":{"start":{"line":425,"column":0},"end":{"line":425,"column":81}},"425":{"start":{"line":426,"column":0},"end":{"line":426,"column":39}},"426":{"start":{"line":427,"column":0},"end":{"line":427,"column":0}},"427":{"start":{"line":428,"column":0},"end":{"line":428,"column":100}},"428":{"start":{"line":429,"column":0},"end":{"line":429,"column":21}},"429":{"start":{"line":430,"column":0},"end":{"line":430,"column":77}},"430":{"start":{"line":431,"column":0},"end":{"line":431,"column":17}},"431":{"start":{"line":432,"column":0},"end":{"line":432,"column":13}},"432":{"start":{"line":433,"column":0},"end":{"line":433,"column":11}},"433":{"start":{"line":434,"column":0},"end":{"line":434,"column":34}},"434":{"start":{"line":435,"column":0},"end":{"line":435,"column":5}},"435":{"start":{"line":436,"column":0},"end":{"line":436,"column":0}},"436":{"start":{"line":437,"column":0},"end":{"line":437,"column":0}},"437":{"start":{"line":438,"column":0},"end":{"line":438,"column":87}},"438":{"start":{"line":439,"column":0},"end":{"line":439,"column":50}},"439":{"start":{"line":440,"column":0},"end":{"line":440,"column":5}},"440":{"start":{"line":441,"column":0},"end":{"line":441,"column":1}},"441":{"start":{"line":442,"column":0},"end":{"line":442,"column":0}},"442":{"start":{"line":443,"column":0},"end":{"line":443,"column":71}},"443":{"start":{"line":444,"column":0},"end":{"line":444,"column":0}},"444":{"start":{"line":445,"column":0},"end":{"line":445,"column":37}},"445":{"start":{"line":446,"column":0},"end":{"line":446,"column":99}},"446":{"start":{"line":447,"column":0},"end":{"line":447,"column":4}},"447":{"start":{"line":448,"column":0},"end":{"line":448,"column":41}},"448":{"start":{"line":449,"column":0},"end":{"line":449,"column":64}},"449":{"start":{"line":450,"column":0},"end":{"line":450,"column":89}},"450":{"start":{"line":451,"column":0},"end":{"line":451,"column":39}},"451":{"start":{"line":452,"column":0},"end":{"line":452,"column":56}},"452":{"start":{"line":453,"column":0},"end":{"line":453,"column":48}},"453":{"start":{"line":454,"column":0},"end":{"line":454,"column":50}},"454":{"start":{"line":455,"column":0},"end":{"line":455,"column":63}},"455":{"start":{"line":456,"column":0},"end":{"line":456,"column":20}},"456":{"start":{"line":457,"column":0},"end":{"line":457,"column":113}},"457":{"start":{"line":458,"column":0},"end":{"line":458,"column":13}},"458":{"start":{"line":459,"column":0},"end":{"line":459,"column":9}},"459":{"start":{"line":460,"column":0},"end":{"line":460,"column":5}},"460":{"start":{"line":461,"column":0},"end":{"line":461,"column":0}},"461":{"start":{"line":462,"column":0},"end":{"line":462,"column":81}},"462":{"start":{"line":463,"column":0},"end":{"line":463,"column":65}},"463":{"start":{"line":464,"column":0},"end":{"line":464,"column":34}},"464":{"start":{"line":465,"column":0},"end":{"line":465,"column":5}},"465":{"start":{"line":466,"column":0},"end":{"line":466,"column":0}},"466":{"start":{"line":467,"column":0},"end":{"line":467,"column":88}},"467":{"start":{"line":468,"column":0},"end":{"line":468,"column":50}},"468":{"start":{"line":469,"column":0},"end":{"line":469,"column":5}},"469":{"start":{"line":470,"column":0},"end":{"line":470,"column":1}},"470":{"start":{"line":471,"column":0},"end":{"line":471,"column":0}},"471":{"start":{"line":472,"column":0},"end":{"line":472,"column":54}},"472":{"start":{"line":473,"column":0},"end":{"line":473,"column":0}},"473":{"start":{"line":474,"column":0},"end":{"line":474,"column":39}},"474":{"start":{"line":475,"column":0},"end":{"line":475,"column":52}},"475":{"start":{"line":476,"column":0},"end":{"line":476,"column":41}},"476":{"start":{"line":477,"column":0},"end":{"line":477,"column":67}},"477":{"start":{"line":478,"column":0},"end":{"line":478,"column":8}},"478":{"start":{"line":479,"column":0},"end":{"line":479,"column":49}},"479":{"start":{"line":480,"column":0},"end":{"line":480,"column":98}},"480":{"start":{"line":481,"column":0},"end":{"line":481,"column":89}},"481":{"start":{"line":482,"column":0},"end":{"line":482,"column":9}},"482":{"start":{"line":483,"column":0},"end":{"line":483,"column":5}},"483":{"start":{"line":484,"column":0},"end":{"line":484,"column":0}},"484":{"start":{"line":485,"column":0},"end":{"line":485,"column":70}},"485":{"start":{"line":486,"column":0},"end":{"line":486,"column":36}},"486":{"start":{"line":487,"column":0},"end":{"line":487,"column":38}},"487":{"start":{"line":488,"column":0},"end":{"line":488,"column":77}},"488":{"start":{"line":489,"column":0},"end":{"line":489,"column":60}},"489":{"start":{"line":490,"column":0},"end":{"line":490,"column":32}},"490":{"start":{"line":491,"column":0},"end":{"line":491,"column":0}},"491":{"start":{"line":492,"column":0},"end":{"line":492,"column":58}},"492":{"start":{"line":493,"column":0},"end":{"line":493,"column":5}},"493":{"start":{"line":494,"column":0},"end":{"line":494,"column":0}},"494":{"start":{"line":495,"column":0},"end":{"line":495,"column":61}},"495":{"start":{"line":496,"column":0},"end":{"line":496,"column":28}},"496":{"start":{"line":497,"column":0},"end":{"line":497,"column":33}},"497":{"start":{"line":498,"column":0},"end":{"line":498,"column":24}},"498":{"start":{"line":499,"column":0},"end":{"line":499,"column":54}},"499":{"start":{"line":500,"column":0},"end":{"line":500,"column":41}},"500":{"start":{"line":501,"column":0},"end":{"line":501,"column":41}},"501":{"start":{"line":502,"column":0},"end":{"line":502,"column":5}},"502":{"start":{"line":503,"column":0},"end":{"line":503,"column":0}},"503":{"start":{"line":504,"column":0},"end":{"line":504,"column":92}},"504":{"start":{"line":505,"column":0},"end":{"line":505,"column":32}},"505":{"start":{"line":506,"column":0},"end":{"line":506,"column":40}},"506":{"start":{"line":507,"column":0},"end":{"line":507,"column":91}},"507":{"start":{"line":508,"column":0},"end":{"line":508,"column":19}},"508":{"start":{"line":509,"column":0},"end":{"line":509,"column":19}},"509":{"start":{"line":510,"column":0},"end":{"line":510,"column":0}},"510":{"start":{"line":511,"column":0},"end":{"line":511,"column":55}},"511":{"start":{"line":512,"column":0},"end":{"line":512,"column":43}},"512":{"start":{"line":513,"column":0},"end":{"line":513,"column":37}},"513":{"start":{"line":514,"column":0},"end":{"line":514,"column":32}},"514":{"start":{"line":515,"column":0},"end":{"line":515,"column":31}},"515":{"start":{"line":516,"column":0},"end":{"line":516,"column":52}},"516":{"start":{"line":517,"column":0},"end":{"line":517,"column":0}},"517":{"start":{"line":518,"column":0},"end":{"line":518,"column":56}},"518":{"start":{"line":519,"column":0},"end":{"line":519,"column":37}},"519":{"start":{"line":520,"column":0},"end":{"line":520,"column":53}},"520":{"start":{"line":521,"column":0},"end":{"line":521,"column":45}},"521":{"start":{"line":522,"column":0},"end":{"line":522,"column":20}},"522":{"start":{"line":523,"column":0},"end":{"line":523,"column":63}},"523":{"start":{"line":524,"column":0},"end":{"line":524,"column":13}},"524":{"start":{"line":525,"column":0},"end":{"line":525,"column":11}},"525":{"start":{"line":526,"column":0},"end":{"line":526,"column":5}},"526":{"start":{"line":527,"column":0},"end":{"line":527,"column":0}},"527":{"start":{"line":528,"column":0},"end":{"line":528,"column":55}},"528":{"start":{"line":529,"column":0},"end":{"line":529,"column":33}},"529":{"start":{"line":530,"column":0},"end":{"line":530,"column":24}},"530":{"start":{"line":531,"column":0},"end":{"line":531,"column":41}},"531":{"start":{"line":532,"column":0},"end":{"line":532,"column":16}},"532":{"start":{"line":533,"column":0},"end":{"line":533,"column":25}},"533":{"start":{"line":534,"column":0},"end":{"line":534,"column":44}},"534":{"start":{"line":535,"column":0},"end":{"line":535,"column":9}},"535":{"start":{"line":536,"column":0},"end":{"line":536,"column":5}},"536":{"start":{"line":537,"column":0},"end":{"line":537,"column":4}},"537":{"start":{"line":538,"column":0},"end":{"line":538,"column":77}},"538":{"start":{"line":539,"column":0},"end":{"line":539,"column":35}},"539":{"start":{"line":540,"column":0},"end":{"line":540,"column":0}},"540":{"start":{"line":541,"column":0},"end":{"line":541,"column":46}},"541":{"start":{"line":542,"column":0},"end":{"line":542,"column":5}},"542":{"start":{"line":543,"column":0},"end":{"line":543,"column":4}},"543":{"start":{"line":544,"column":0},"end":{"line":544,"column":47}},"544":{"start":{"line":545,"column":0},"end":{"line":545,"column":34}},"545":{"start":{"line":546,"column":0},"end":{"line":546,"column":30}},"546":{"start":{"line":547,"column":0},"end":{"line":547,"column":22}},"547":{"start":{"line":548,"column":0},"end":{"line":548,"column":47}},"548":{"start":{"line":549,"column":0},"end":{"line":549,"column":37}},"549":{"start":{"line":550,"column":0},"end":{"line":550,"column":68}},"550":{"start":{"line":551,"column":0},"end":{"line":551,"column":13}},"551":{"start":{"line":552,"column":0},"end":{"line":552,"column":16}},"552":{"start":{"line":553,"column":0},"end":{"line":553,"column":17}},"553":{"start":{"line":554,"column":0},"end":{"line":554,"column":44}},"554":{"start":{"line":555,"column":0},"end":{"line":555,"column":47}},"555":{"start":{"line":556,"column":0},"end":{"line":556,"column":32}},"556":{"start":{"line":557,"column":0},"end":{"line":557,"column":31}},"557":{"start":{"line":558,"column":0},"end":{"line":558,"column":32}},"558":{"start":{"line":559,"column":0},"end":{"line":559,"column":49}},"559":{"start":{"line":560,"column":0},"end":{"line":560,"column":105}},"560":{"start":{"line":561,"column":0},"end":{"line":561,"column":48}},"561":{"start":{"line":562,"column":0},"end":{"line":562,"column":38}},"562":{"start":{"line":563,"column":0},"end":{"line":563,"column":130}},"563":{"start":{"line":564,"column":0},"end":{"line":564,"column":21}},"564":{"start":{"line":565,"column":0},"end":{"line":565,"column":55}},"565":{"start":{"line":566,"column":0},"end":{"line":566,"column":31}},"566":{"start":{"line":567,"column":0},"end":{"line":567,"column":36}},"567":{"start":{"line":568,"column":0},"end":{"line":568,"column":29}},"568":{"start":{"line":569,"column":0},"end":{"line":569,"column":70}},"569":{"start":{"line":570,"column":0},"end":{"line":570,"column":13}},"570":{"start":{"line":571,"column":0},"end":{"line":571,"column":9}},"571":{"start":{"line":572,"column":0},"end":{"line":572,"column":5}},"572":{"start":{"line":573,"column":0},"end":{"line":573,"column":0}},"573":{"start":{"line":574,"column":0},"end":{"line":574,"column":72}},"574":{"start":{"line":575,"column":0},"end":{"line":575,"column":40}},"575":{"start":{"line":576,"column":0},"end":{"line":576,"column":5}},"576":{"start":{"line":577,"column":0},"end":{"line":577,"column":0}},"577":{"start":{"line":578,"column":0},"end":{"line":578,"column":96}},"578":{"start":{"line":579,"column":0},"end":{"line":579,"column":54}},"579":{"start":{"line":580,"column":0},"end":{"line":580,"column":64}},"580":{"start":{"line":581,"column":0},"end":{"line":581,"column":33}},"581":{"start":{"line":582,"column":0},"end":{"line":582,"column":54}},"582":{"start":{"line":583,"column":0},"end":{"line":583,"column":10}},"583":{"start":{"line":584,"column":0},"end":{"line":584,"column":8}},"584":{"start":{"line":585,"column":0},"end":{"line":585,"column":35}},"585":{"start":{"line":586,"column":0},"end":{"line":586,"column":27}},"586":{"start":{"line":587,"column":0},"end":{"line":587,"column":23}},"587":{"start":{"line":588,"column":0},"end":{"line":588,"column":48}},"588":{"start":{"line":589,"column":0},"end":{"line":589,"column":22}},"589":{"start":{"line":590,"column":0},"end":{"line":590,"column":24}},"590":{"start":{"line":591,"column":0},"end":{"line":591,"column":46}},"591":{"start":{"line":592,"column":0},"end":{"line":592,"column":22}},"592":{"start":{"line":593,"column":0},"end":{"line":593,"column":23}},"593":{"start":{"line":594,"column":0},"end":{"line":594,"column":45}},"594":{"start":{"line":595,"column":0},"end":{"line":595,"column":22}},"595":{"start":{"line":596,"column":0},"end":{"line":596,"column":25}},"596":{"start":{"line":597,"column":0},"end":{"line":597,"column":46}},"597":{"start":{"line":598,"column":0},"end":{"line":598,"column":38}},"598":{"start":{"line":599,"column":0},"end":{"line":599,"column":9}},"599":{"start":{"line":600,"column":0},"end":{"line":600,"column":8}},"600":{"start":{"line":601,"column":0},"end":{"line":601,"column":85}},"601":{"start":{"line":602,"column":0},"end":{"line":602,"column":8}},"602":{"start":{"line":603,"column":0},"end":{"line":603,"column":51}},"603":{"start":{"line":604,"column":0},"end":{"line":604,"column":39}},"604":{"start":{"line":605,"column":0},"end":{"line":605,"column":23}},"605":{"start":{"line":606,"column":0},"end":{"line":606,"column":24}},"606":{"start":{"line":607,"column":0},"end":{"line":607,"column":41}},"607":{"start":{"line":608,"column":0},"end":{"line":608,"column":29}},"608":{"start":{"line":609,"column":0},"end":{"line":609,"column":35}},"609":{"start":{"line":610,"column":0},"end":{"line":610,"column":79}},"610":{"start":{"line":611,"column":0},"end":{"line":611,"column":150}},"611":{"start":{"line":612,"column":0},"end":{"line":612,"column":22}},"612":{"start":{"line":613,"column":0},"end":{"line":613,"column":48}},"613":{"start":{"line":614,"column":0},"end":{"line":614,"column":40}},"614":{"start":{"line":615,"column":0},"end":{"line":615,"column":30}},"615":{"start":{"line":616,"column":0},"end":{"line":616,"column":122}},"616":{"start":{"line":617,"column":0},"end":{"line":617,"column":13}},"617":{"start":{"line":618,"column":0},"end":{"line":618,"column":24}},"618":{"start":{"line":619,"column":0},"end":{"line":619,"column":63}},"619":{"start":{"line":620,"column":0},"end":{"line":620,"column":81}},"620":{"start":{"line":621,"column":0},"end":{"line":621,"column":47}},"621":{"start":{"line":622,"column":0},"end":{"line":622,"column":23}},"622":{"start":{"line":623,"column":0},"end":{"line":623,"column":0}},"623":{"start":{"line":624,"column":0},"end":{"line":624,"column":28}},"624":{"start":{"line":625,"column":0},"end":{"line":625,"column":5}},"625":{"start":{"line":626,"column":0},"end":{"line":626,"column":4}},"626":{"start":{"line":627,"column":0},"end":{"line":627,"column":88}},"627":{"start":{"line":628,"column":0},"end":{"line":628,"column":52}},"628":{"start":{"line":629,"column":0},"end":{"line":629,"column":5}},"629":{"start":{"line":630,"column":0},"end":{"line":630,"column":1}},"630":{"start":{"line":631,"column":0},"end":{"line":631,"column":0}},"631":{"start":{"line":632,"column":0},"end":{"line":632,"column":46}},"632":{"start":{"line":633,"column":0},"end":{"line":633,"column":44}},"633":{"start":{"line":634,"column":0},"end":{"line":634,"column":76}},"634":{"start":{"line":635,"column":0},"end":{"line":635,"column":72}},"635":{"start":{"line":636,"column":0},"end":{"line":636,"column":0}},"636":{"start":{"line":637,"column":0},"end":{"line":637,"column":49}},"637":{"start":{"line":638,"column":0},"end":{"line":638,"column":75}},"638":{"start":{"line":639,"column":0},"end":{"line":639,"column":112}},"639":{"start":{"line":640,"column":0},"end":{"line":640,"column":49}},"640":{"start":{"line":641,"column":0},"end":{"line":641,"column":74}},"641":{"start":{"line":642,"column":0},"end":{"line":642,"column":67}},"642":{"start":{"line":643,"column":0},"end":{"line":643,"column":67}},"643":{"start":{"line":644,"column":0},"end":{"line":644,"column":66}},"644":{"start":{"line":645,"column":0},"end":{"line":645,"column":27}},"645":{"start":{"line":646,"column":0},"end":{"line":646,"column":127}},"646":{"start":{"line":647,"column":0},"end":{"line":647,"column":20}},"647":{"start":{"line":648,"column":0},"end":{"line":648,"column":16}},"648":{"start":{"line":649,"column":0},"end":{"line":649,"column":12}},"649":{"start":{"line":650,"column":0},"end":{"line":650,"column":8}},"650":{"start":{"line":651,"column":0},"end":{"line":651,"column":4}},"651":{"start":{"line":652,"column":0},"end":{"line":652,"column":0}},"652":{"start":{"line":653,"column":0},"end":{"line":653,"column":27}},"653":{"start":{"line":654,"column":0},"end":{"line":654,"column":30}},"654":{"start":{"line":655,"column":0},"end":{"line":655,"column":63}},"655":{"start":{"line":656,"column":0},"end":{"line":656,"column":23}},"656":{"start":{"line":657,"column":0},"end":{"line":657,"column":20}},"657":{"start":{"line":658,"column":0},"end":{"line":658,"column":3}},"658":{"start":{"line":659,"column":0},"end":{"line":659,"column":0}},"659":{"start":{"line":660,"column":0},"end":{"line":660,"column":44}},"660":{"start":{"line":661,"column":0},"end":{"line":661,"column":0}},"661":{"start":{"line":662,"column":0},"end":{"line":662,"column":63}}},"s":{"0":1,"1":1,"2":1,"3":1,"4":1,"5":1,"6":1,"7":1,"8":1,"9":1,"10":1,"11":1,"12":1,"13":1,"14":1,"15":1,"16":1,"17":1,"18":1,"19":1,"20":1,"21":1,"22":1,"23":1,"24":1,"25":1,"26":1,"27":1,"28":1,"29":1,"30":1,"31":1,"32":1,"33":1,"34":1,"35":1,"36":3,"37":3,"38":3,"39":3,"40":3,"41":3,"42":3,"43":3,"44":1,"45":1,"46":1,"47":2,"48":1,"49":1,"50":3,"51":3,"52":36,"53":36,"54":36,"55":36,"56":36,"57":36,"58":3,"59":3,"60":54,"61":54,"62":3,"63":3,"64":26,"65":26,"66":26,"67":26,"68":26,"69":26,"70":3,"71":3,"72":17,"73":9,"74":9,"75":17,"76":8,"77":8,"78":8,"79":17,"80":3,"81":3,"82":39,"83":39,"84":39,"85":39,"86":39,"87":39,"88":39,"89":39,"90":39,"91":39,"92":18,"93":18,"94":18,"95":18,"96":18,"97":18,"98":39,"99":21,"100":21,"101":21,"102":21,"103":21,"104":21,"105":39,"106":39,"107":39,"108":0,"109":0,"110":0,"111":39,"112":3,"113":3,"114":3,"115":3,"116":3,"117":3,"118":3,"119":3,"120":3,"121":3,"122":3,"123":1,"124":1,"125":1,"126":24,"127":15,"128":15,"129":24,"130":9,"131":9,"132":9,"133":24,"134":1,"135":1,"136":3,"137":3,"138":3,"139":3,"140":3,"141":3,"142":3,"143":3,"144":3,"145":1,"146":1,"147":3,"148":3,"149":3,"150":3,"151":3,"152":3,"153":3,"154":3,"155":3,"156":1,"157":1,"158":3,"159":3,"160":3,"161":3,"162":3,"163":3,"164":3,"165":3,"166":3,"167":1,"168":1,"169":13,"170":13,"171":13,"172":13,"173":13,"174":13,"175":13,"176":13,"177":13,"178":9,"179":13,"180":6,"181":6,"182":6,"183":6,"184":6,"185":6,"186":6,"187":6,"188":6,"189":5,"190":5,"191":5,"192":5,"193":5,"194":5,"195":5,"196":5,"197":5,"198":5,"199":6,"200":1,"201":1,"202":1,"203":1,"204":1,"205":1,"206":1,"207":1,"208":6,"209":6,"210":13,"211":3,"212":3,"213":3,"214":3,"215":3,"216":3,"217":3,"218":3,"219":3,"220":2,"221":2,"222":1,"223":1,"224":1,"225":1,"226":1,"227":1,"228":1,"229":1,"230":1,"231":1,"232":1,"233":1,"234":1,"235":1,"236":1,"237":2,"238":3,"239":13,"240":13,"241":13,"242":13,"243":1,"244":1,"245":1,"246":0,"247":0,"248":0,"249":0,"250":0,"251":0,"252":1,"253":1,"254":0,"255":0,"256":0,"257":0,"258":0,"259":0,"260":1,"261":1,"262":3,"263":3,"264":3,"265":1,"266":1,"267":3,"268":3,"269":3,"270":1,"271":1,"272":3,"273":3,"274":3,"275":1,"276":1,"277":0,"278":0,"279":0,"280":0,"281":0,"282":0,"283":0,"284":0,"285":1,"286":1,"287":5,"288":5,"289":5,"290":5,"291":5,"292":5,"293":5,"294":5,"295":5,"296":1,"297":1,"298":3,"299":3,"300":3,"301":3,"302":3,"303":3,"304":3,"305":1,"306":1,"307":3,"308":3,"309":3,"310":3,"311":3,"312":5,"313":5,"314":5,"315":3,"316":3,"317":3,"318":1,"319":1,"320":4,"321":4,"322":4,"323":4,"324":4,"325":4,"326":4,"327":4,"328":4,"329":4,"330":4,"331":4,"332":4,"333":4,"334":4,"335":4,"336":4,"337":1,"338":1,"339":8,"340":8,"341":8,"342":8,"343":8,"344":8,"345":8,"346":8,"347":8,"348":8,"349":8,"350":8,"351":8,"352":8,"353":8,"354":1,"355":1,"356":16,"357":16,"358":16,"359":16,"360":16,"361":16,"362":16,"363":16,"364":16,"365":12,"366":16,"367":9,"368":9,"369":9,"370":9,"371":9,"372":9,"373":9,"374":9,"375":9,"376":9,"377":9,"378":9,"379":9,"380":9,"381":9,"382":9,"383":3,"384":3,"385":3,"386":3,"387":3,"388":3,"389":3,"390":3,"391":3,"392":3,"393":3,"394":3,"395":3,"396":2,"397":2,"398":2,"399":2,"400":3,"401":5,"402":0,"403":0,"404":5,"405":5,"406":5,"407":5,"408":4,"409":4,"410":4,"411":4,"412":4,"413":4,"414":4,"415":4,"416":4,"417":5,"418":1,"419":1,"420":1,"421":1,"422":1,"423":1,"424":1,"425":1,"426":1,"427":1,"428":1,"429":5,"430":5,"431":2,"432":16,"433":16,"434":16,"435":1,"436":1,"437":1,"438":1,"439":1,"440":1,"441":1,"442":1,"443":1,"444":1,"445":1,"446":1,"447":1,"448":1,"449":1,"450":1,"451":6,"452":6,"453":6,"454":5,"455":6,"456":0,"457":0,"458":6,"459":0,"460":1,"461":1,"462":0,"463":0,"464":0,"465":1,"466":1,"467":1,"468":1,"469":1,"470":1,"471":1,"472":1,"473":1,"474":1,"475":1,"476":1,"477":1,"478":1,"479":0,"480":0,"481":0,"482":1,"483":1,"484":1,"485":3,"486":3,"487":3,"488":3,"489":3,"490":3,"491":3,"492":3,"493":1,"494":1,"495":8,"496":8,"497":8,"498":8,"499":8,"500":8,"501":8,"502":1,"503":1,"504":7,"505":7,"506":7,"507":7,"508":7,"509":7,"510":7,"511":7,"512":7,"513":7,"514":7,"515":7,"516":7,"517":7,"518":7,"519":1,"520":1,"521":7,"522":6,"523":6,"524":7,"525":7,"526":1,"527":1,"528":29,"529":21,"530":21,"531":29,"532":8,"533":8,"534":8,"535":29,"536":1,"537":1,"538":7,"539":7,"540":7,"541":7,"542":1,"543":1,"544":1,"545":1,"546":0,"547":0,"548":0,"549":0,"550":0,"551":1,"552":1,"553":1,"554":1,"555":1,"556":1,"557":1,"558":1,"559":1,"560":1,"561":1,"562":1,"563":1,"564":1,"565":1,"566":1,"567":1,"568":0,"569":0,"570":1,"571":1,"572":1,"573":1,"574":25,"575":25,"576":1,"577":1,"578":0,"579":0,"580":0,"581":0,"582":0,"583":0,"584":0,"585":0,"586":0,"587":0,"588":0,"589":0,"590":0,"591":0,"592":0,"593":0,"594":0,"595":0,"596":0,"597":0,"598":0,"599":0,"600":0,"601":0,"602":0,"603":0,"604":0,"605":0,"606":0,"607":0,"608":0,"609":0,"610":0,"611":0,"612":0,"613":0,"614":0,"615":0,"616":0,"617":0,"618":0,"619":0,"620":0,"621":0,"622":0,"623":0,"624":0,"625":1,"626":1,"627":1,"628":1,"629":1,"630":1,"631":1,"632":1,"633":1,"634":1,"635":1,"636":1,"637":1,"638":1,"639":1,"640":1,"641":1,"642":1,"643":1,"644":1,"645":1,"646":1,"647":1,"648":1,"649":1,"650":1,"651":1,"652":1,"653":1,"654":1,"655":1,"656":1,"657":1,"658":1,"659":1,"660":1,"661":1},"branchMap":{"0":{"type":"branch","line":17,"loc":{"start":{"line":17,"column":48},"end":{"line":17,"column":100}},"locations":[{"start":{"line":17,"column":48},"end":{"line":17,"column":100}}]},"1":{"type":"branch","line":17,"loc":{"start":{"line":17,"column":66},"end":{"line":17,"column":72}},"locations":[{"start":{"line":17,"column":66},"end":{"line":17,"column":72}}]},"2":{"type":"branch","line":37,"loc":{"start":{"line":37,"column":0},"end":{"line":123,"column":1}},"locations":[{"start":{"line":37,"column":0},"end":{"line":123,"column":1}}]},"3":{"type":"branch","line":44,"loc":{"start":{"line":44,"column":4},"end":{"line":50,"column":5}},"locations":[{"start":{"line":44,"column":4},"end":{"line":50,"column":5}}]},"4":{"type":"branch","line":47,"loc":{"start":{"line":47,"column":24},"end":{"line":49,"column":9}},"locations":[{"start":{"line":47,"column":24},"end":{"line":49,"column":9}}]},"5":{"type":"branch","line":52,"loc":{"start":{"line":52,"column":4},"end":{"line":58,"column":5}},"locations":[{"start":{"line":52,"column":4},"end":{"line":58,"column":5}}]},"6":{"type":"branch","line":60,"loc":{"start":{"line":60,"column":4},"end":{"line":62,"column":5}},"locations":[{"start":{"line":60,"column":4},"end":{"line":62,"column":5}}]},"7":{"type":"branch","line":64,"loc":{"start":{"line":64,"column":4},"end":{"line":70,"column":5}},"locations":[{"start":{"line":64,"column":4},"end":{"line":70,"column":5}}]},"8":{"type":"branch","line":72,"loc":{"start":{"line":72,"column":4},"end":{"line":80,"column":5}},"locations":[{"start":{"line":72,"column":4},"end":{"line":80,"column":5}}]},"9":{"type":"branch","line":73,"loc":{"start":{"line":73,"column":32},"end":{"line":76,"column":15}},"locations":[{"start":{"line":73,"column":32},"end":{"line":76,"column":15}}]},"10":{"type":"branch","line":76,"loc":{"start":{"line":76,"column":9},"end":{"line":79,"column":9}},"locations":[{"start":{"line":76,"column":9},"end":{"line":79,"column":9}}]},"11":{"type":"branch","line":82,"loc":{"start":{"line":82,"column":4},"end":{"line":112,"column":5}},"locations":[{"start":{"line":82,"column":4},"end":{"line":112,"column":5}}]},"12":{"type":"branch","line":92,"loc":{"start":{"line":92,"column":24},"end":{"line":99,"column":19}},"locations":[{"start":{"line":92,"column":24},"end":{"line":99,"column":19}}]},"13":{"type":"branch","line":99,"loc":{"start":{"line":99,"column":13},"end":{"line":105,"column":13}},"locations":[{"start":{"line":99,"column":13},"end":{"line":105,"column":13}}]},"14":{"type":"branch","line":108,"loc":{"start":{"line":108,"column":10},"end":{"line":111,"column":9}},"locations":[{"start":{"line":108,"column":10},"end":{"line":111,"column":9}}]},"15":{"type":"branch","line":115,"loc":{"start":{"line":115,"column":4},"end":{"line":122,"column":5}},"locations":[{"start":{"line":115,"column":4},"end":{"line":122,"column":5}}]},"16":{"type":"branch","line":126,"loc":{"start":{"line":126,"column":4},"end":{"line":134,"column":5}},"locations":[{"start":{"line":126,"column":4},"end":{"line":134,"column":5}}]},"17":{"type":"branch","line":127,"loc":{"start":{"line":127,"column":32},"end":{"line":130,"column":15}},"locations":[{"start":{"line":127,"column":32},"end":{"line":130,"column":15}}]},"18":{"type":"branch","line":130,"loc":{"start":{"line":130,"column":9},"end":{"line":133,"column":9}},"locations":[{"start":{"line":130,"column":9},"end":{"line":133,"column":9}}]},"19":{"type":"branch","line":136,"loc":{"start":{"line":136,"column":4},"end":{"line":145,"column":5}},"locations":[{"start":{"line":136,"column":4},"end":{"line":145,"column":5}}]},"20":{"type":"branch","line":139,"loc":{"start":{"line":139,"column":30},"end":{"line":139,"column":55}},"locations":[{"start":{"line":139,"column":30},"end":{"line":139,"column":55}}]},"21":{"type":"branch","line":139,"loc":{"start":{"line":139,"column":56},"end":{"line":139,"column":64}},"locations":[{"start":{"line":139,"column":56},"end":{"line":139,"column":64}}]},"22":{"type":"branch","line":140,"loc":{"start":{"line":140,"column":28},"end":{"line":140,"column":43}},"locations":[{"start":{"line":140,"column":28},"end":{"line":140,"column":43}}]},"23":{"type":"branch","line":147,"loc":{"start":{"line":147,"column":4},"end":{"line":156,"column":5}},"locations":[{"start":{"line":147,"column":4},"end":{"line":156,"column":5}}]},"24":{"type":"branch","line":150,"loc":{"start":{"line":150,"column":28},"end":{"line":150,"column":51}},"locations":[{"start":{"line":150,"column":28},"end":{"line":150,"column":51}}]},"25":{"type":"branch","line":150,"loc":{"start":{"line":150,"column":52},"end":{"line":150,"column":60}},"locations":[{"start":{"line":150,"column":52},"end":{"line":150,"column":60}}]},"26":{"type":"branch","line":151,"loc":{"start":{"line":151,"column":26},"end":{"line":151,"column":39}},"locations":[{"start":{"line":151,"column":26},"end":{"line":151,"column":39}}]},"27":{"type":"branch","line":158,"loc":{"start":{"line":158,"column":4},"end":{"line":167,"column":5}},"locations":[{"start":{"line":158,"column":4},"end":{"line":167,"column":5}}]},"28":{"type":"branch","line":161,"loc":{"start":{"line":161,"column":37},"end":{"line":161,"column":70}},"locations":[{"start":{"line":161,"column":37},"end":{"line":161,"column":70}}]},"29":{"type":"branch","line":161,"loc":{"start":{"line":161,"column":71},"end":{"line":161,"column":79}},"locations":[{"start":{"line":161,"column":71},"end":{"line":161,"column":79}}]},"30":{"type":"branch","line":162,"loc":{"start":{"line":162,"column":35},"end":{"line":162,"column":57}},"locations":[{"start":{"line":162,"column":35},"end":{"line":162,"column":57}}]},"31":{"type":"branch","line":169,"loc":{"start":{"line":169,"column":4},"end":{"line":243,"column":5}},"locations":[{"start":{"line":169,"column":4},"end":{"line":243,"column":5}}]},"32":{"type":"branch","line":172,"loc":{"start":{"line":172,"column":44},"end":{"line":240,"column":9}},"locations":[{"start":{"line":172,"column":44},"end":{"line":240,"column":9}}]},"33":{"type":"branch","line":178,"loc":{"start":{"line":178,"column":16},"end":{"line":178,"column":23}},"locations":[{"start":{"line":178,"column":16},"end":{"line":178,"column":23}}]},"34":{"type":"branch","line":179,"loc":{"start":{"line":179,"column":-1},"end":{"line":180,"column":28}},"locations":[{"start":{"line":179,"column":-1},"end":{"line":180,"column":28}}]},"35":{"type":"branch","line":180,"loc":{"start":{"line":180,"column":28},"end":{"line":211,"column":19}},"locations":[{"start":{"line":180,"column":28},"end":{"line":211,"column":19}}]},"36":{"type":"branch","line":189,"loc":{"start":{"line":189,"column":31},"end":{"line":200,"column":23}},"locations":[{"start":{"line":189,"column":31},"end":{"line":200,"column":23}}]},"37":{"type":"branch","line":200,"loc":{"start":{"line":200,"column":17},"end":{"line":208,"column":17}},"locations":[{"start":{"line":200,"column":17},"end":{"line":208,"column":17}}]},"38":{"type":"branch","line":211,"loc":{"start":{"line":211,"column":13},"end":{"line":239,"column":13}},"locations":[{"start":{"line":211,"column":13},"end":{"line":239,"column":13}}]},"39":{"type":"branch","line":220,"loc":{"start":{"line":220,"column":30},"end":{"line":238,"column":17}},"locations":[{"start":{"line":220,"column":30},"end":{"line":238,"column":17}}]},"40":{"type":"branch","line":222,"loc":{"start":{"line":222,"column":42},"end":{"line":237,"column":21}},"locations":[{"start":{"line":222,"column":42},"end":{"line":237,"column":21}}]},"41":{"type":"branch","line":262,"loc":{"start":{"line":262,"column":4},"end":{"line":265,"column":5}},"locations":[{"start":{"line":262,"column":4},"end":{"line":265,"column":5}}]},"42":{"type":"branch","line":267,"loc":{"start":{"line":267,"column":4},"end":{"line":270,"column":5}},"locations":[{"start":{"line":267,"column":4},"end":{"line":270,"column":5}}]},"43":{"type":"branch","line":272,"loc":{"start":{"line":272,"column":4},"end":{"line":275,"column":5}},"locations":[{"start":{"line":272,"column":4},"end":{"line":275,"column":5}}]},"44":{"type":"branch","line":287,"loc":{"start":{"line":287,"column":4},"end":{"line":296,"column":5}},"locations":[{"start":{"line":287,"column":4},"end":{"line":296,"column":5}}]},"45":{"type":"branch","line":298,"loc":{"start":{"line":298,"column":4},"end":{"line":305,"column":5}},"locations":[{"start":{"line":298,"column":4},"end":{"line":305,"column":5}}]},"46":{"type":"branch","line":307,"loc":{"start":{"line":307,"column":4},"end":{"line":318,"column":5}},"locations":[{"start":{"line":307,"column":4},"end":{"line":318,"column":5}}]},"47":{"type":"branch","line":312,"loc":{"start":{"line":312,"column":44},"end":{"line":315,"column":9}},"locations":[{"start":{"line":312,"column":44},"end":{"line":315,"column":9}}]},"48":{"type":"branch","line":320,"loc":{"start":{"line":320,"column":4},"end":{"line":337,"column":5}},"locations":[{"start":{"line":320,"column":4},"end":{"line":337,"column":5}}]},"49":{"type":"branch","line":339,"loc":{"start":{"line":339,"column":4},"end":{"line":354,"column":5}},"locations":[{"start":{"line":339,"column":4},"end":{"line":354,"column":5}}]},"50":{"type":"branch","line":345,"loc":{"start":{"line":345,"column":25},"end":{"line":346,"column":65}},"locations":[{"start":{"line":345,"column":25},"end":{"line":346,"column":65}}]},"51":{"type":"branch","line":346,"loc":{"start":{"line":346,"column":66},"end":{"line":347,"column":17}},"locations":[{"start":{"line":346,"column":66},"end":{"line":347,"column":17}}]},"52":{"type":"branch","line":356,"loc":{"start":{"line":356,"column":4},"end":{"line":435,"column":5}},"locations":[{"start":{"line":356,"column":4},"end":{"line":435,"column":5}}]},"53":{"type":"branch","line":359,"loc":{"start":{"line":359,"column":44},"end":{"line":433,"column":9}},"locations":[{"start":{"line":359,"column":44},"end":{"line":433,"column":9}}]},"54":{"type":"branch","line":361,"loc":{"start":{"line":361,"column":85},"end":{"line":361,"column":92}},"locations":[{"start":{"line":361,"column":85},"end":{"line":361,"column":92}}]},"55":{"type":"branch","line":365,"loc":{"start":{"line":365,"column":16},"end":{"line":365,"column":23}},"locations":[{"start":{"line":365,"column":16},"end":{"line":365,"column":23}}]},"56":{"type":"branch","line":366,"loc":{"start":{"line":366,"column":-1},"end":{"line":367,"column":28}},"locations":[{"start":{"line":366,"column":-1},"end":{"line":367,"column":28}}]},"57":{"type":"branch","line":367,"loc":{"start":{"line":367,"column":28},"end":{"line":383,"column":13}},"locations":[{"start":{"line":367,"column":28},"end":{"line":383,"column":13}}]},"58":{"type":"branch","line":384,"loc":{"start":{"line":384,"column":-1},"end":{"line":432,"column":13}},"locations":[{"start":{"line":384,"column":-1},"end":{"line":432,"column":13}}]},"59":{"type":"branch","line":396,"loc":{"start":{"line":396,"column":20},"end":{"line":396,"column":29}},"locations":[{"start":{"line":396,"column":20},"end":{"line":396,"column":29}}]},"60":{"type":"branch","line":396,"loc":{"start":{"line":396,"column":29},"end":{"line":401,"column":52}},"locations":[{"start":{"line":396,"column":29},"end":{"line":401,"column":52}}]},"61":{"type":"branch","line":401,"loc":{"start":{"line":401,"column":52},"end":{"line":431,"column":17}},"locations":[{"start":{"line":401,"column":52},"end":{"line":431,"column":17}}]},"62":{"type":"branch","line":402,"loc":{"start":{"line":402,"column":57},"end":{"line":404,"column":21}},"locations":[{"start":{"line":402,"column":57},"end":{"line":404,"column":21}}]},"63":{"type":"branch","line":408,"loc":{"start":{"line":408,"column":50},"end":{"line":418,"column":27}},"locations":[{"start":{"line":408,"column":50},"end":{"line":418,"column":27}}]},"64":{"type":"branch","line":418,"loc":{"start":{"line":418,"column":21},"end":{"line":429,"column":21}},"locations":[{"start":{"line":418,"column":21},"end":{"line":429,"column":21}}]},"65":{"type":"branch","line":432,"loc":{"start":{"line":432,"column":-1},"end":{"line":432,"column":13}},"locations":[{"start":{"line":432,"column":-1},"end":{"line":432,"column":13}}]},"66":{"type":"branch","line":438,"loc":{"start":{"line":438,"column":4},"end":{"line":440,"column":5}},"locations":[{"start":{"line":438,"column":4},"end":{"line":440,"column":5}}]},"67":{"type":"branch","line":445,"loc":{"start":{"line":445,"column":0},"end":{"line":470,"column":1}},"locations":[{"start":{"line":445,"column":0},"end":{"line":470,"column":1}}]},"68":{"type":"branch","line":448,"loc":{"start":{"line":448,"column":4},"end":{"line":460,"column":5}},"locations":[{"start":{"line":448,"column":4},"end":{"line":460,"column":5}}]},"69":{"type":"branch","line":451,"loc":{"start":{"line":451,"column":38},"end":{"line":459,"column":9}},"locations":[{"start":{"line":451,"column":38},"end":{"line":459,"column":9}}]},"70":{"type":"branch","line":454,"loc":{"start":{"line":454,"column":-1},"end":{"line":454,"column":47}},"locations":[{"start":{"line":454,"column":-1},"end":{"line":454,"column":47}}]},"71":{"type":"branch","line":454,"loc":{"start":{"line":454,"column":49},"end":{"line":456,"column":19}},"locations":[{"start":{"line":454,"column":49},"end":{"line":456,"column":19}}]},"72":{"type":"branch","line":456,"loc":{"start":{"line":456,"column":13},"end":{"line":458,"column":13}},"locations":[{"start":{"line":456,"column":13},"end":{"line":458,"column":13}}]},"73":{"type":"branch","line":460,"loc":{"start":{"line":460,"column":-1},"end":{"line":460,"column":5}},"locations":[{"start":{"line":460,"column":-1},"end":{"line":460,"column":5}}]},"74":{"type":"branch","line":450,"loc":{"start":{"line":450,"column":59},"end":{"line":450,"column":87}},"locations":[{"start":{"line":450,"column":59},"end":{"line":450,"column":87}}]},"75":{"type":"branch","line":453,"loc":{"start":{"line":453,"column":46},"end":{"line":453,"column":47}},"locations":[{"start":{"line":453,"column":46},"end":{"line":453,"column":47}}]},"76":{"type":"branch","line":467,"loc":{"start":{"line":467,"column":4},"end":{"line":469,"column":5}},"locations":[{"start":{"line":467,"column":4},"end":{"line":469,"column":5}}]},"77":{"type":"branch","line":476,"loc":{"start":{"line":476,"column":4},"end":{"line":483,"column":5}},"locations":[{"start":{"line":476,"column":4},"end":{"line":483,"column":5}}]},"78":{"type":"branch","line":479,"loc":{"start":{"line":479,"column":48},"end":{"line":482,"column":9}},"locations":[{"start":{"line":479,"column":48},"end":{"line":482,"column":9}}]},"79":{"type":"branch","line":485,"loc":{"start":{"line":485,"column":4},"end":{"line":493,"column":5}},"locations":[{"start":{"line":485,"column":4},"end":{"line":493,"column":5}}]},"80":{"type":"branch","line":492,"loc":{"start":{"line":492,"column":52},"end":{"line":492,"column":57}},"locations":[{"start":{"line":492,"column":52},"end":{"line":492,"column":57}}]},"81":{"type":"branch","line":488,"loc":{"start":{"line":488,"column":20},"end":{"line":488,"column":76}},"locations":[{"start":{"line":488,"column":20},"end":{"line":488,"column":76}}]},"82":{"type":"branch","line":495,"loc":{"start":{"line":495,"column":4},"end":{"line":502,"column":5}},"locations":[{"start":{"line":495,"column":4},"end":{"line":502,"column":5}}]},"83":{"type":"branch","line":504,"loc":{"start":{"line":504,"column":4},"end":{"line":526,"column":5}},"locations":[{"start":{"line":504,"column":4},"end":{"line":526,"column":5}}]},"84":{"type":"branch","line":511,"loc":{"start":{"line":511,"column":39},"end":{"line":525,"column":9}},"locations":[{"start":{"line":511,"column":39},"end":{"line":525,"column":9}}]},"85":{"type":"branch","line":519,"loc":{"start":{"line":519,"column":36},"end":{"line":522,"column":19}},"locations":[{"start":{"line":519,"column":36},"end":{"line":522,"column":19}}]},"86":{"type":"branch","line":522,"loc":{"start":{"line":522,"column":13},"end":{"line":524,"column":13}},"locations":[{"start":{"line":522,"column":13},"end":{"line":524,"column":13}}]},"87":{"type":"branch","line":528,"loc":{"start":{"line":528,"column":4},"end":{"line":536,"column":5}},"locations":[{"start":{"line":528,"column":4},"end":{"line":536,"column":5}}]},"88":{"type":"branch","line":529,"loc":{"start":{"line":529,"column":32},"end":{"line":532,"column":15}},"locations":[{"start":{"line":529,"column":32},"end":{"line":532,"column":15}}]},"89":{"type":"branch","line":532,"loc":{"start":{"line":532,"column":9},"end":{"line":535,"column":9}},"locations":[{"start":{"line":532,"column":9},"end":{"line":535,"column":9}}]},"90":{"type":"branch","line":538,"loc":{"start":{"line":538,"column":4},"end":{"line":542,"column":5}},"locations":[{"start":{"line":538,"column":4},"end":{"line":542,"column":5}}]},"91":{"type":"branch","line":539,"loc":{"start":{"line":539,"column":24},"end":{"line":539,"column":35}},"locations":[{"start":{"line":539,"column":24},"end":{"line":539,"column":35}}]},"92":{"type":"branch","line":544,"loc":{"start":{"line":544,"column":4},"end":{"line":572,"column":5}},"locations":[{"start":{"line":544,"column":4},"end":{"line":572,"column":5}}]},"93":{"type":"branch","line":546,"loc":{"start":{"line":546,"column":29},"end":{"line":552,"column":15}},"locations":[{"start":{"line":546,"column":29},"end":{"line":552,"column":15}}]},"94":{"type":"branch","line":568,"loc":{"start":{"line":568,"column":14},"end":{"line":570,"column":13}},"locations":[{"start":{"line":568,"column":14},"end":{"line":570,"column":13}}]},"95":{"type":"branch","line":558,"loc":{"start":{"line":558,"column":24},"end":{"line":562,"column":37}},"locations":[{"start":{"line":558,"column":24},"end":{"line":562,"column":37}}]},"96":{"type":"branch","line":560,"loc":{"start":{"line":560,"column":49},"end":{"line":560,"column":103}},"locations":[{"start":{"line":560,"column":49},"end":{"line":560,"column":103}}]},"97":{"type":"branch","line":563,"loc":{"start":{"line":563,"column":24},"end":{"line":563,"column":130}},"locations":[{"start":{"line":563,"column":24},"end":{"line":563,"column":130}}]},"98":{"type":"branch","line":574,"loc":{"start":{"line":574,"column":4},"end":{"line":576,"column":5}},"locations":[{"start":{"line":574,"column":4},"end":{"line":576,"column":5}}]},"99":{"type":"branch","line":627,"loc":{"start":{"line":627,"column":4},"end":{"line":629,"column":5}},"locations":[{"start":{"line":627,"column":4},"end":{"line":629,"column":5}}]}},"b":{"0":[88],"1":[0],"2":[3],"3":[1],"4":[2],"5":[36],"6":[54],"7":[26],"8":[17],"9":[9],"10":[8],"11":[39],"12":[18],"13":[21],"14":[0],"15":[3],"16":[24],"17":[15],"18":[9],"19":[3],"20":[2],"21":[1],"22":[1],"23":[3],"24":[2],"25":[1],"26":[1],"27":[3],"28":[2],"29":[1],"30":[1],"31":[13],"32":[13],"33":[4],"34":[9],"35":[6],"36":[5],"37":[1],"38":[3],"39":[2],"40":[1],"41":[3],"42":[3],"43":[3],"44":[5],"45":[3],"46":[3],"47":[5],"48":[4],"49":[8],"50":[5],"51":[3],"52":[16],"53":[16],"54":[12],"55":[4],"56":[12],"57":[9],"58":[3],"59":[1],"60":[2],"61":[5],"62":[0],"63":[4],"64":[1],"65":[2],"66":[1],"67":[1],"68":[1],"69":[6],"70":[5],"71":[5],"72":[0],"73":[0],"74":[12],"75":[6],"76":[1],"77":[1],"78":[0],"79":[3],"80":[0],"81":[3],"82":[8],"83":[7],"84":[7],"85":[1],"86":[6],"87":[29],"88":[21],"89":[8],"90":[7],"91":[0],"92":[1],"93":[0],"94":[0],"95":[1],"96":[1],"97":[1],"98":[25],"99":[1]},"fnMap":{"0":{"name":"<instance_members_initializer>","decl":{"start":{"line":37,"column":0},"end":{"line":123,"column":1}},"loc":{"start":{"line":37,"column":0},"end":{"line":123,"column":1}},"line":37},"1":{"name":"refreshCache","decl":{"start":{"line":44,"column":4},"end":{"line":50,"column":5}},"loc":{"start":{"line":44,"column":4},"end":{"line":50,"column":5}},"line":44},"2":{"name":"delete","decl":{"start":{"line":52,"column":4},"end":{"line":58,"column":5}},"loc":{"start":{"line":52,"column":4},"end":{"line":58,"column":5}},"line":52},"3":{"name":"getFromCache","decl":{"start":{"line":60,"column":4},"end":{"line":62,"column":5}},"loc":{"start":{"line":60,"column":4},"end":{"line":62,"column":5}},"line":60},"4":{"name":"getFromDB","decl":{"start":{"line":64,"column":4},"end":{"line":70,"column":5}},"loc":{"start":{"line":64,"column":4},"end":{"line":70,"column":5}},"line":64},"5":{"name":"get","decl":{"start":{"line":72,"column":4},"end":{"line":80,"column":5}},"loc":{"start":{"line":72,"column":4},"end":{"line":80,"column":5}},"line":72},"6":{"name":"set","decl":{"start":{"line":82,"column":4},"end":{"line":112,"column":5}},"loc":{"start":{"line":82,"column":4},"end":{"line":112,"column":5}},"line":82},"7":{"name":"DataStore","decl":{"start":{"line":115,"column":4},"end":{"line":122,"column":5}},"loc":{"start":{"line":115,"column":4},"end":{"line":122,"column":5}},"line":115},"8":{"name":"get","decl":{"start":{"line":126,"column":4},"end":{"line":134,"column":5}},"loc":{"start":{"line":126,"column":4},"end":{"line":134,"column":5}},"line":126},"9":{"name":"addBalance","decl":{"start":{"line":136,"column":4},"end":{"line":145,"column":5}},"loc":{"start":{"line":136,"column":4},"end":{"line":145,"column":5}},"line":136},"10":{"name":"addArmor","decl":{"start":{"line":147,"column":4},"end":{"line":156,"column":5}},"loc":{"start":{"line":147,"column":4},"end":{"line":156,"column":5}},"line":147},"11":{"name":"addActivityPoints","decl":{"start":{"line":158,"column":4},"end":{"line":167,"column":5}},"loc":{"start":{"line":158,"column":4},"end":{"line":167,"column":5}},"line":158},"12":{"name":"addItem","decl":{"start":{"line":169,"column":4},"end":{"line":243,"column":5}},"loc":{"start":{"line":169,"column":4},"end":{"line":243,"column":5}},"line":169},"13":{"name":"setBalance","decl":{"start":{"line":246,"column":4},"end":{"line":252,"column":5}},"loc":{"start":{"line":246,"column":4},"end":{"line":252,"column":5}},"line":246},"14":{"name":"setActivityPoints","decl":{"start":{"line":254,"column":4},"end":{"line":260,"column":5}},"loc":{"start":{"line":254,"column":4},"end":{"line":260,"column":5}},"line":254},"
[...]
,"column":5}},"line":467},"30":{"name":"refreshCache","decl":{"start":{"line":476,"column":4},"end":{"line":483,"column":5}},"loc":{"start":{"line":476,"column":4},"end":{"line":483,"column":5}},"line":476},"31":{"name":"getTotalSharesPurchased","decl":{"start":{"line":485,"column":4},"end":{"line":493,"column":5}},"loc":{"start":{"line":485,"column":4},"end":{"line":493,"column":5}},"line":485},"32":{"name":"getFromDB","decl":{"start":{"line":495,"column":4},"end":{"line":502,"column":5}},"loc":{"start":{"line":495,"column":4},"end":{"line":502,"column":5}},"line":495},"33":{"name":"set","decl":{"start":{"line":504,"column":4},"end":{"line":526,"column":5}},"loc":{"start":{"line":504,"column":4},"end":{"line":526,"column":5}},"line":504},"34":{"name":"get","decl":{"start":{"line":528,"column":4},"end":{"line":536,"column":5}},"loc":{"start":{"line":528,"column":4},"end":{"line":536,"column":5}},"line":528},"35":{"name":"updateStockPrice","decl":{"start":{"line":538,"column":4},"end":{"line":542,"column":5}},"loc":{"start":{"line":538,"column":4},"end":{"line":542,"column":5}},"line":538},"36":{"name":"getLatestStocks","decl":{"start":{"line":544,"column":4},"end":{"line":572,"column":5}},"loc":{"start":{"line":544,"column":4},"end":{"line":572,"column":5}},"line":544},"37":{"name":"getLatestStock","decl":{"start":{"line":574,"column":4},"end":{"line":576,"column":5}},"loc":{"start":{"line":574,"column":4},"end":{"line":576,"column":5}},"line":574},"38":{"name":"getStockHistory","decl":{"start":{"line":578,"column":4},"end":{"line":625,"column":5}},"loc":{"start":{"line":578,"column":4},"end":{"line":625,"column":5}},"line":578},"39":{"name":"Stocks","decl":{"start":{"line":627,"column":4},"end":{"line":629,"column":5}},"loc":{"start":{"line":627,"column":4},"end":{"line":629,"column":5}},"line":627}},"f":{"0":3,"1":1,"2":36,"3":54,"4":26,"5":17,"6":39,"7":3,"8":24,"9":3,"10":3,"11":3,"12":13,"13":0,"14":0,"15":3,"16":3,"17":3,"18":0,"19":5,"20":3,"21":3,"22":4,"23":8,"24":16,"25":1,"26":1,"27":1,"28":0,"29":1,"30":1,"31":3,"32":8,"33":7,"34":29,"35":7,"36":1,"37":25,"38":0,"39":1}}
,"/home/dominic/Development/merchant/src/items/armor.ts": {"path":"/home/dominic/Development/merchant/src/items/armor.ts","all":false,"statementMap":{"0":{"start":{"line":1,"column":0},"end":{"line":1,"column":51}},"1":{"start":{"line":2,"column":0},"end":{"line":2,"column":34}},"2":{"start":{"line":3,"column":0},"end":{"line":3,"column":0}},"3":{"start":{"line":4,"column":0},"end":{"line":4,"column":18}},"4":{"start":{"line":5,"column":0},"end":{"line":5,"column":11}},"5":{"start":{"line":6,"column":0},"end":{"line":6,"column":22}},"6":{"start":{"line":7,"column":0},"end":{"line":7,"column":19}},"7":{"start":{"line":8,"column":0},"end":{"line":8,"column":25}},"8":{"start":{"line":9,"column":0},"end":{"line":9,"column":94}},"9":{"start":{"line":10,"column":0},"end":{"line":10,"column":28}},"10":{"start":{"line":11,"column":0},"end":{"line":11,"column":15}},"11":{"start":{"line":12,"column":0},"end":{"line":12,"column":6}},"12":{"start":{"line":13,"column":0},"end":{"line":13,"column":49}},"13":{"start":{"line":14,"column":0},"end":{"line":14,"column":13}},"14":{"start":{"line":15,"column":0},"end":{"line":15,"column":72}},"15":{"start":{"line":16,"column":0},"end":{"line":16,"column":0}},"16":{"start":{"line":17,"column":0},"end":{"line":17,"column":34}},"17":{"start":{"line":18,"column":0},"end":{"line":18,"column":80}},"18":{"start":{"line":19,"column":0},"end":{"line":19,"column":13}},"19":{"start":{"line":20,"column":0},"end":{"line":20,"column":0}},"20":{"start":{"line":21,"column":0},"end":{"line":21,"column":49}},"21":{"start":{"line":22,"column":0},"end":{"line":22,"column":0}},"22":{"start":{"line":23,"column":0},"end":{"line":23,"column":44}},"23":{"start":{"line":24,"column":0},"end":{"line":24,"column":36}},"24":{"start":{"line":25,"column":0},"end":{"line":25,"column":28}},"25":{"start":{"line":26,"column":0},"end":{"line":26,"column":61}},"26":{"start":{"line":27,"column":0},"end":{"line":27,"column":29}},"27":{"start":{"line":28,"column":0},"end":{"line":28,"column":19}},"28":{"start":{"line":29,"column":0},"end":{"line":29,"column":0}},"29":{"start":{"line":30,"column":0},"end":{"line":30,"column":47}},"30":{"start":{"line":31,"column":0},"end":{"line":31,"column":25}},"31":{"start":{"line":32,"column":0},"end":{"line":32,"column":33}},"32":{"start":{"line":33,"column":0},"end":{"line":33,"column":24}},"33":{"start":{"line":34,"column":0},"end":{"line":34,"column":9}},"34":{"start":{"line":35,"column":0},"end":{"line":35,"column":5}},"35":{"start":{"line":36,"column":0},"end":{"line":36,"column":1}}},"s":{"0":1,"1":1,"2":1,"3":1,"4":1,"5":1,"6":1,"7":1,"8":1,"9":1,"10":1,"11":1,"12":1,"13":0,"14":0,"15":0,"16":0,"17":0,"18":0,"19":0,"20":0,"21":0,"22":0,"23":0,"24":0,"25":0,"26":0,"27":0,"28":0,"29":0,"30":0,"31":0,"32":0,"33":0,"34":0,"35":1},"branchMap":{},"b":{},"fnMap":{"0":{"name":"use","decl":{"start":{"line":13,"column":4},"end":{"line":35,"column":5}},"loc":{"start":{"line":13,"column":4},"end":{"line":35,"column":5}},"line":13}},"f":{"0":0}}
,"/home/dominic/Development/merchant/src/items/battery.ts": {"path":"/home/dominic/Development/merchant/src/items/battery.ts","all":false,"statementMap":{"0":{"start":{"line":1,"column":0},"end":{"line":1,"column":18}},"1":{"start":{"line":2,"column":0},"end":{"line":2,"column":11}},"2":{"start":{"line":3,"column":0},"end":{"line":3,"column":24}},"3":{"start":{"line":4,"column":0},"end":{"line":4,"column":19}},"4":{"start":{"line":5,"column":0},"end":{"line":5,"column":26}},"5":{"start":{"line":6,"column":0},"end":{"line":6,"column":38}},"6":{"start":{"line":7,"column":0},"end":{"line":7,"column":30}},"7":{"start":{"line":8,"column":0},"end":{"line":8,"column":15}},"8":{"start":{"line":9,"column":0},"end":{"line":9,"column":6}},"9":{"start":{"line":10,"column":0},"end":{"line":10,"column":30}},"10":{"start":{"line":11,"column":0},"end":{"line":11,"column":19}},"11":{"start":{"line":12,"column":0},"end":{"line":12,"column":13}},"12":{"start":{"line":13,"column":0},"end":{"line":13,"column":78}},"13":{"start":{"line":14,"column":0},"end":{"line":14,"column":25}},"14":{"start":{"line":15,"column":0},"end":{"line":15,"column":85}},"15":{"start":{"line":16,"column":0},"end":{"line":16,"column":9}},"16":{"start":{"line":17,"column":0},"end":{"line":17,"column":0}},"17":{"start":{"line":18,"column":0},"end":{"line":18,"column":13}},"18":{"start":{"line":19,"column":0},"end":{"line":19,"column":30}},"19":{"start":{"line":20,"column":0},"end":{"line":20,"column":104}},"20":{"start":{"line":21,"column":0},"end":{"line":21,"column":25}},"21":{"start":{"line":22,"column":0},"end":{"line":22,"column":53}},"22":{"start":{"line":23,"column":0},"end":{"line":23,"column":9}},"23":{"start":{"line":24,"column":0},"end":{"line":24,"column":5}},"24":{"start":{"line":25,"column":0},"end":{"line":25,"column":1}}},"s":{"0":1,"1":1,"2":1,"3":1,"4":1,"5":1,"6":1,"7":1,"8":1,"9":1,"10":0,"11":0,"12":0,"13":0,"14":0,"15":0,"16":0,"17":0,"18":0,"19":0,"20":0,"21":0,"22":0,"23":0,"24":1},"branchMap":{},"b":{},"fnMap":{"0":{"name":"use","decl":{"start":{"line":10,"column":4},"end":{"line":24,"column":5}},"loc":{"start":{"line":10,"column":4},"end":{"line":24,"column":5}},"line":10}},"f":{"0":0}}
,"/home/dominic/Development/merchant/src/items/dye.ts": {"path":"/home/dominic/Development/merchant/src/items/dye.ts","all":false,"statementMap":{"0":{"start":{"line":1,"column":0},"end":{"line":1,"column":62}},"1":{"start":{"line":2,"column":0},"end":{"line":2,"column":61}},"2":{"start":{"line":3,"column":0},"end":{"line":3,"column":0}},"3":{"start":{"line":4,"column":0},"end":{"line":4,"column":18}},"4":{"start":{"line":5,"column":0},"end":{"line":5,"column":11}},"5":{"start":{"line":6,"column":0},"end":{"line":6,"column":20}},"6":{"start":{"line":7,"column":0},"end":{"line":7,"column":62}},"7":{"start":{"line":8,"column":0},"end":{"line":8,"column":20}},"8":{"start":{"line":9,"column":0},"end":{"line":9,"column":22}},"9":{"start":{"line":10,"column":0},"end":{"line":10,"column":152}},"10":{"start":{"line":11,"column":0},"end":{"line":11,"column":15}},"11":{"start":{"line":12,"column":0},"end":{"line":12,"column":6}},"12":{"start":{"line":13,"column":0},"end":{"line":13,"column":49}},"13":{"start":{"line":14,"column":0},"end":{"line":14,"column":56}},"14":{"start":{"line":15,"column":0},"end":{"line":15,"column":85}},"15":{"start":{"line":16,"column":0},"end":{"line":16,"column":8}},"16":{"start":{"line":17,"column":0},"end":{"line":17,"column":52}},"17":{"start":{"line":18,"column":0},"end":{"line":18,"column":21}},"18":{"start":{"line":19,"column":0},"end":{"line":19,"column":55}},"19":{"start":{"line":20,"column":0},"end":{"line":20,"column":9}},"20":{"start":{"line":21,"column":0},"end":{"line":21,"column":0}},"21":{"start":{"line":22,"column":0},"end":{"line":22,"column":28}},"22":{"start":{"line":23,"column":0},"end":{"line":23,"column":46}},"23":{"start":{"line":24,"column":0},"end":{"line":24,"column":9}},"24":{"start":{"line":25,"column":0},"end":{"line":25,"column":0}},"25":{"start":{"line":26,"column":0},"end":{"line":26,"column":22}},"26":{"start":{"line":27,"column":0},"end":{"line":27,"column":56}},"27":{"start":{"line":28,"column":0},"end":{"line":28,"column":9}},"28":{"start":{"line":29,"column":0},"end":{"line":29,"column":0}},"29":{"start":{"line":30,"column":0},"end":{"line":30,"column":46}},"30":{"start":{"line":31,"column":0},"end":{"line":31,"column":48}},"31":{"start":{"line":32,"column":0},"end":{"line":32,"column":117}},"32":{"start":{"line":33,"column":0},"end":{"line":33,"column":19}},"33":{"start":{"line":34,"column":0},"end":{"line":34,"column":9}},"34":{"start":{"line":35,"column":0},"end":{"line":35,"column":0}},"35":{"start":{"line":36,"column":0},"end":{"line":36,"column":13}},"36":{"start":{"line":37,"column":0},"end":{"line":37,"column":52}},"37":{"start":{"line":38,"column":0},"end":{"line":38,"column":104}},"38":{"start":{"line":39,"column":0},"end":{"line":39,"column":29}},"39":{"start":{"line":40,"column":0},"end":{"line":40,"column":62}},"40":{"start":{"line":41,"column":0},"end":{"line":41,"column":38}},"41":{"start":{"line":42,"column":0},"end":{"line":42,"column":33}},"42":{"start":{"line":43,"column":0},"end":{"line":43,"column":43}},"43":{"start":{"line":44,"column":0},"end":{"line":44,"column":19}},"44":{"start":{"line":45,"column":0},"end":{"line":45,"column":13}},"45":{"start":{"line":46,"column":0},"end":{"line":46,"column":18}},"46":{"start":{"line":47,"column":0},"end":{"line":47,"column":48}},"47":{"start":{"line":48,"column":0},"end":{"line":48,"column":13}},"48":{"start":{"line":49,"column":0},"end":{"line":49,"column":0}},"49":{"start":{"line":50,"column":0},"end":{"line":50,"column":46}},"50":{"start":{"line":51,"column":0},"end":{"line":51,"column":0}},"51":{"start":{"line":52,"column":0},"end":{"line":52,"column":73}},"52":{"start":{"line":53,"column":0},"end":{"line":53,"column":61}},"53":{"start":{"line":54,"column":0},"end":{"line":54,"column":0}},"54":{"start":{"line":55,"column":0},"end":{"line":55,"column":89}},"55":{"start":{"line":56,"column":0},"end":{"line":56,"column":25}},"56":{"start":{"line":57,"column":0},"end":{"line":57,"column":33}},"57":{"start":{"line":58,"column":0},"end":{"line":58,"column":76}},"58":{"start":{"line":59,"column":0},"end":{"line":59,"column":9}},"59":{"start":{"line":60,"column":0},"end":{"line":60,"column":5}},"60":{"start":{"line":61,"column":0},"end":{"line":61,"column":1}}},"s":{"0":1,"1":1,"2":1,"3":1,"4":1,"5":1,"6":1,"7":1,"8":1,"9":1,"10":1,"11":1,"12":1,"13":0,"14":0,"15":0,"16":0,"17":0,"18":0,"19":0,"20":0,"21":0,"22":0,"23":0,"24":0,"25":0,"26":0,"27":0,"28":0,"29":0,"30":0,"31":0,"32":0,"33":0,"34":0,"35":0,"36":0,"37":0,"38":0,"39":0,"40":0,"41":0,"42":0,"43":0,"44":0,"45":0,"46":0,"47":0,"48":0,"49":0,"50":0,"51":0,"52":0,"53":0,"54":0,"55":0,"56":0,"57":0,"58":0,"59":0,"60":1},"branchMap":{},"b":{},"fnMap":{"0":{"name":"use","decl":{"start":{"line":13,"column":4},"end":{"line":60,"column":5}},"loc":{"start":{"line":13,"column":4},"end":{"line":60,"column":5}},"line":13}},"f":{"0":0}}
,"/home/dominic/Development/merchant/src/items/emp.ts": {"path":"/home/dominic/Development/merchant/src/items/emp.ts","all":false,"statementMap":{"0":{"start":{"line":1,"column":0},"end":{"line":1,"column":37}},"1":{"start":{"line":2,"column":0},"end":{"line":2,"column":0}},"2":{"start":{"line":3,"column":0},"end":{"line":3,"column":18}},"3":{"start":{"line":4,"column":0},"end":{"line":4,"column":11}},"4":{"start":{"line":5,"column":0},"end":{"line":5,"column":20}},"5":{"start":{"line":6,"column":0},"end":{"line":6,"column":20}},"6":{"start":{"line":7,"column":0},"end":{"line":7,"column":22}},"7":{"start":{"line":8,"column":0},"end":{"line":8,"column":39}},"8":{"start":{"line":9,"column":0},"end":{"line":9,"column":26}},"9":{"start":{"line":10,"column":0},"end":{"line":10,"column":15}},"10":{"start":{"line":11,"column":0},"end":{"line":11,"column":6}},"11":{"start":{"line":12,"column":0},"end":{"line":12,"column":49}},"12":{"start":{"line":13,"column":0},"end":{"line":13,"column":19}},"13":{"start":{"line":14,"column":0},"end":{"line":14,"column":13}},"14":{"start":{"line":15,"column":0},"end":{"line":15,"column":78}},"15":{"start":{"line":16,"column":0},"end":{"line":16,"column":25}},"16":{"start":{"line":17,"column":0},"end":{"line":17,"column":85}},"17":{"start":{"line":18,"column":0},"end":{"line":18,"column":9}},"18":{"start":{"line":19,"column":0},"end":{"line":19,"column":0}},"19":{"start":{"line":20,"column":0},"end":{"line":20,"column":13}},"20":{"start":{"line":21,"column":0},"end":{"line":21,"column":35}},"21":{"start":{"line":22,"column":0},"end":{"line":22,"column":108}},"22":{"start":{"line":23,"column":0},"end":{"line":23,"column":25}},"23":{"start":{"line":24,"column":0},"end":{"line":24,"column":54}},"24":{"start":{"line":25,"column":0},"end":{"line":25,"column":9}},"25":{"start":{"line":26,"column":0},"end":{"line":26,"column":5}},"26":{"start":{"line":27,"column":0},"end":{"line":27,"column":1}}},"s":{"0":1,"1":1,"2":1,"3":1,"4":1,"5":1,"6":1,"7":1,"8":1,"9":1,"10":1,"11":1,"12":0,"13":0,"14":0,"15":0,"16":0,"17":0,"18":0,"19":0,"20":0,"21":0,"22":0,"23":0,"24":0,"25":0,"26":1},"branchMap":{},"b":{},"fnMap":{"0":{"name":"use","decl":{"start":{"line":12,"column":4},"end":{"line":26,"column":5}},"loc":{"start":{"line":12,"column":4},"end":{"line":26,"column":5}},"line":12}},"f":{"0":0}}
,"/home/dominic/Development/merchant/src/items/hammer.ts": {"path":"/home/dominic/Development/merchant/src/items/hammer.ts","all":false,"statementMap":{"0":{"start":{"line":1,"column":0},"end":{"line":1,"column":19}},"1":{"start":{"line":2,"column":0},"end":{"line":2,"column":28}},"2":{"start":{"line":3,"column":0},"end":{"line":3,"column":29}},"3":{"start":{"line":4,"column":0},"end":{"line":4,"column":29}},"4":{"start":{"line":5,"column":0},"end":{"line":5,"column":29}},"5":{"start":{"line":6,"column":0},"end":{"line":6,"column":29}},"6":{"start":{"line":7,"column":0},"end":{"line":7,"column":28}},"7":{"start":{"line":8,"column":0},"end":{"line":8,"column":28}},"8":{"start":{"line":9,"column":0},"end":{"line":9,"column":29}},"9":{"start":{"line":10,"column":0},"end":{"line":10,"column":29}},"10":{"start":{"line":11,"column":0},"end":{"line":11,"column":30}},"11":{"start":{"line":12,"column":0},"end":{"line":12,"column":30}},"12":{"start":{"line":13,"column":0},"end":{"line":13,"column":30}},"13":{"start":{"line":14,"column":0},"end":{"line":14,"column":30}},"14":{"start":{"line":15,"column":0},"end":{"line":15,"column":30}},"15":{"start":{"line":16,"column":0},"end":{"line":16,"column":29}},"16":{"start":{"line":17,"column":0},"end":{"line":17,"column":29}},"17":{"start":{"line":18,"column":0},"end":{"line":18,"column":29}},"18":{"start":{"line":19,"column":0},"end":{"line":19,"column":2}},"19":{"start":{"line":20,"column":0},"end":{"line":20,"column":0}},"20":{"start":{"line":21,"column":0},"end":{"line":21,"column":18}},"21":{"start":{"line":22,"column":0},"end":{"line":22,"column":11}},"22":{"start":{"line":23,"column":0},"end":{"line":23,"column":23}},"23":{"start":{"line":24,"column":0},"end":{"line":24,"column":20}},"24":{"start":{"line":25,"column":0},"end":{"line":25,"column":25}},"25":{"start":{"line":26,"column":0},"end":{"line":26,"column":52}},"26":{"start":{"line":27,"column":0},"end":{"line":27,"column":52}},"27":{"start":{"line":28,"column":0},"end":{"line":28,"column":15}},"28":{"start":{"line":29,"column":0},"end":{"line":29,"column":6}},"29":{"start":{"line":30,"column":0},"end":{"line":30,"column":30}},"30":{"start":{"line":31,"column":0},"end":{"line":31,"column":37}},"31":{"start":{"line":32,"column":0},"end":{"line":32,"column":68}},"32":{"start":{"line":33,"column":0},"end":{"line":33,"column":0}},"33":{"start":{"line":34,"column":0},"end":{"line":34,"column":28}},"34":{"start":{"line":35,"column":0},"end":{"line":35,"column":93}},"35":{"start":{"line":36,"column":0},"end":{"line":36,"column":9}},"36":{"start":{"line":37,"column":0},"end":{"line":37,"column":0}},"37":{"start":{"line":38,"column":0},"end":{"line":38,"column":13}},"38":{"start":{"line":39,"column":0},"end":{"line":39,"column":35}},"39":{"start":{"line":40,"column":0},"end":{"line":40,"column":29}},"40":{"start":{"line":41,"column":0},"end":{"line":41,"column":59}},"41":{"start":{"line":42,"column":0},"end":{"line":42,"column":72}},"42":{"start":{"line":43,"column":0},"end":{"line":43,"column":67}},"43":{"start":{"line":44,"column":0},"end":{"line":44,"column":63}},"44":{"start":{"line":45,"column":0},"end":{"line":45,"column":78}},"45":{"start":{"line":46,"column":0},"end":{"line":46,"column":26}},"46":{"start":{"line":47,"column":0},"end":{"line":47,"column":31}},"47":{"start":{"line":48,"column":0},"end":{"line":48,"column":61}},"48":{"start":{"line":49,"column":0},"end":{"line":49,"column":74}},"49":{"start":{"line":50,"column":0},"end":{"line":50,"column":70}},"50":{"start":{"line":51,"column":0},"end":{"line":51,"column":0}},"51":{"start":{"line":52,"column":0},"end":{"line":52,"column":53}},"52":{"start":{"line":53,"column":0},"end":{"line":53,"column":75}},"53":{"start":{"line":54,"column":0},"end":{"line":54,"column":21}},"54":{"start":{"line":55,"column":0},"end":{"line":55,"column":0}},"55":{"start":{"line":56,"column":0},"end":{"line":56,"column":49}},"56":{"start":{"line":57,"column":0},"end":{"line":57,"column":67}},"57":{"start":{"line":58,"column":0},"end":{"line":58,"column":80}},"58":{"start":{"line":59,"column":0},"end":{"line":59,"column":26}},"59":{"start":{"line":60,"column":0},"end":{"line":60,"column":24}},"60":{"start":{"line":61,"column":0},"end":{"line":61,"column":62}},"61":{"start":{"line":62,"column":0},"end":{"line":62,"column":13}},"62":{"start":{"line":63,"column":0},"end":{"line":63,"column":25}},"63":{"start":{"line":64,"column":0},"end":{"line":64,"column":33}},"64":{"start":{"line":65,"column":0},"end":{"line":65,"column":85}},"65":{"start":{"line":66,"column":0},"end":{"line":66,"column":9}},"66":{"start":{"line":67,"column":0},"end":{"line":67,"column":5}},"67":{"start":{"line":68,"column":0},"end":{"line":68,"column":1}}},"s":{"0":1,"1":1,"2":1,"3":1,"4":1,"5":1,"6":1,"7":1,"8":1,"9":1,"10":1,"11":1,"12":1,"13":1,"14":1,"15":1,"16":1,"17":1,"18":1,"19":1,"20":1,"21":1,"22":1,"23":1,"24":1,"25":1,"26":1,"27":1,"28":1,"29":1,"30":0,"31":0,"32":0,"33":0,"34":0,"35":0,"36":0,"37":0,"38":0,"39":0,"40":0,"41":0,"42":0,"43":0,"44":0,"45":0,"46":0,"47":0,"48":0,"49":0,"50":0,"51":0,"52":0,"53":0,"54":0,"55":0,"56":0,"57":0,"58":0,"59":0,"60":0,"61":0,"62":0,"63":0,"64":0,"65":0,"66":0,"67":1},"branchMap":{},"b":{},"fnMap":{"0":{"name":"use","decl":{"start":{"line":30,"column":4},"end":{"line":67,"column":5}},"loc":{"start":{"line":30,"column":4},"end":{"line":67,"column":5}},"line":30}},"f":{"0":0}}
}
