{"/home/dominic/Development/merchant/src/database/db-objects.ts": {"path":"/home/dominic/Development/merchant/src/database/db-objects.ts","all":false,"statementMap":{"0":{"start":{"line":1,"column":0},"end":{"line":1,"column":90}},"1":{"start":{"line":2,"column":0},"end":{"line":2,"column":116}},"2":{"start":{"line":3,"column":0},"end":{"line":3,"column":116}},"3":{"start":{"line":4,"column":0},"end":{"line":4,"column":129}},"4":{"start":{"line":5,"column":0},"end":{"line":5,"column":131}},"5":{"start":{"line":6,"column":0},"end":{"line":6,"column":42}},"6":{"start":{"line":7,"column":0},"end":{"line":7,"column":33}},"7":{"start":{"line":8,"column":0},"end":{"line":8,"column":0}},"8":{"start":{"line":9,"column":0},"end":{"line":9,"column":40}},"9":{"start":{"line":10,"column":0},"end":{"line":10,"column":24}},"10":{"start":{"line":11,"column":0},"end":{"line":11,"column":20}},"11":{"start":{"line":12,"column":0},"end":{"line":12,"column":26}},"12":{"start":{"line":13,"column":0},"end":{"line":13,"column":0}},"13":{"start":{"line":14,"column":0},"end":{"line":14,"column":37}},"14":{"start":{"line":15,"column":0},"end":{"line":15,"column":20}},"15":{"start":{"line":16,"column":0},"end":{"line":16,"column":29}},"16":{"start":{"line":17,"column":0},"end":{"line":17,"column":26}},"17":{"start":{"line":18,"column":0},"end":{"line":18,"column":24}},"18":{"start":{"line":19,"column":0},"end":{"line":19,"column":19}},"19":{"start":{"line":20,"column":0},"end":{"line":20,"column":15}},"20":{"start":{"line":21,"column":0},"end":{"line":21,"column":6}},"21":{"start":{"line":22,"column":0},"end":{"line":22,"column":3}},"22":{"start":{"line":23,"column":0},"end":{"line":23,"column":0}},"23":{"start":{"line":24,"column":0},"end":{"line":24,"column":33}},"24":{"start":{"line":25,"column":0},"end":{"line":25,"column":12}},"25":{"start":{"line":26,"column":0},"end":{"line":26,"column":30}},"26":{"start":{"line":27,"column":0},"end":{"line":27,"column":3}},"27":{"start":{"line":28,"column":0},"end":{"line":28,"column":0}},"28":{"start":{"line":29,"column":0},"end":{"line":29,"column":32}},"29":{"start":{"line":30,"column":0},"end":{"line":30,"column":50}},"30":{"start":{"line":31,"column":0},"end":{"line":31,"column":0}},"31":{"start":{"line":32,"column":0},"end":{"line":32,"column":32}},"32":{"start":{"line":33,"column":0},"end":{"line":33,"column":46}},"33":{"start":{"line":34,"column":0},"end":{"line":34,"column":35}},"34":{"start":{"line":35,"column":0},"end":{"line":35,"column":35}},"35":{"start":{"line":36,"column":0},"end":{"line":36,"column":31}},"36":{"start":{"line":37,"column":0},"end":{"line":37,"column":0}},"37":{"start":{"line":38,"column":0},"end":{"line":38,"column":41}},"38":{"start":{"line":39,"column":0},"end":{"line":39,"column":100}},"39":{"start":{"line":40,"column":0},"end":{"line":40,"column":0}},"40":{"start":{"line":41,"column":0},"end":{"line":41,"column":35}},"41":{"start":{"line":42,"column":0},"end":{"line":42,"column":57}},"42":{"start":{"line":43,"column":0},"end":{"line":43,"column":11}},"43":{"start":{"line":44,"column":0},"end":{"line":44,"column":5}},"44":{"start":{"line":45,"column":0},"end":{"line":45,"column":0}},"45":{"start":{"line":46,"column":0},"end":{"line":46,"column":45}},"46":{"start":{"line":47,"column":0},"end":{"line":47,"column":30}},"47":{"start":{"line":48,"column":0},"end":{"line":48,"column":21}},"48":{"start":{"line":49,"column":0},"end":{"line":49,"column":46}},"49":{"start":{"line":50,"column":0},"end":{"line":50,"column":48}},"50":{"start":{"line":51,"column":0},"end":{"line":51,"column":23}},"51":{"start":{"line":52,"column":0},"end":{"line":52,"column":5}},"52":{"start":{"line":53,"column":0},"end":{"line":53,"column":0}},"53":{"start":{"line":54,"column":0},"end":{"line":54,"column":49}},"54":{"start":{"line":55,"column":0},"end":{"line":55,"column":42}},"55":{"start":{"line":56,"column":0},"end":{"line":56,"column":5}},"56":{"start":{"line":57,"column":0},"end":{"line":57,"column":0}},"57":{"start":{"line":58,"column":0},"end":{"line":58,"column":60}},"58":{"start":{"line":59,"column":0},"end":{"line":59,"column":28}},"59":{"start":{"line":60,"column":0},"end":{"line":60,"column":39}},"60":{"start":{"line":61,"column":0},"end":{"line":61,"column":24}},"61":{"start":{"line":62,"column":0},"end":{"line":62,"column":48}},"62":{"start":{"line":63,"column":0},"end":{"line":63,"column":40}},"63":{"start":{"line":64,"column":0},"end":{"line":64,"column":5}},"64":{"start":{"line":65,"column":0},"end":{"line":65,"column":0}},"65":{"start":{"line":66,"column":0},"end":{"line":66,"column":54}},"66":{"start":{"line":67,"column":0},"end":{"line":67,"column":33}},"67":{"start":{"line":68,"column":0},"end":{"line":68,"column":24}},"68":{"start":{"line":69,"column":0},"end":{"line":69,"column":41}},"69":{"start":{"line":70,"column":0},"end":{"line":70,"column":16}},"70":{"start":{"line":71,"column":0},"end":{"line":71,"column":25}},"71":{"start":{"line":72,"column":0},"end":{"line":72,"column":56}},"72":{"start":{"line":73,"column":0},"end":{"line":73,"column":9}},"73":{"start":{"line":74,"column":0},"end":{"line":74,"column":5}},"74":{"start":{"line":75,"column":0},"end":{"line":75,"column":0}},"75":{"start":{"line":76,"column":0},"end":{"line":76,"column":90}},"76":{"start":{"line":77,"column":0},"end":{"line":77,"column":77}},"77":{"start":{"line":78,"column":0},"end":{"line":78,"column":0}},"78":{"start":{"line":79,"column":0},"end":{"line":79,"column":13}},"79":{"start":{"line":80,"column":0},"end":{"line":80,"column":44}},"80":{"start":{"line":81,"column":0},"end":{"line":81,"column":43}},"81":{"start":{"line":82,"column":0},"end":{"line":82,"column":28}},"82":{"start":{"line":83,"column":0},"end":{"line":83,"column":52}},"83":{"start":{"line":84,"column":0},"end":{"line":84,"column":44}},"84":{"start":{"line":85,"column":0},"end":{"line":85,"column":0}},"85":{"start":{"line":86,"column":0},"end":{"line":86,"column":25}},"86":{"start":{"line":87,"column":0},"end":{"line":87,"column":38}},"87":{"start":{"line":88,"column":0},"end":{"line":88,"column":48}},"88":{"start":{"line":89,"column":0},"end":{"line":89,"column":33}},"89":{"start":{"line":90,"column":0},"end":{"line":90,"column":56}},"90":{"start":{"line":91,"column":0},"end":{"line":91,"column":35}},"91":{"start":{"line":92,"column":0},"end":{"line":92,"column":55}},"92":{"start":{"line":93,"column":0},"end":{"line":93,"column":20}},"93":{"start":{"line":94,"column":0},"end":{"line":94,"column":38}},"94":{"start":{"line":95,"column":0},"end":{"line":95,"column":47}},"95":{"start":{"line":96,"column":0},"end":{"line":96,"column":36}},"96":{"start":{"line":97,"column":0},"end":{"line":97,"column":35}},"97":{"start":{"line":98,"column":0},"end":{"line":98,"column":55}},"98":{"start":{"line":99,"column":0},"end":{"line":99,"column":13}},"99":{"start":{"line":100,"column":0},"end":{"line":100,"column":0}},"100":{"start":{"line":101,"column":0},"end":{"line":101,"column":39}},"101":{"start":{"line":102,"column":0},"end":{"line":102,"column":25}},"102":{"start":{"line":103,"column":0},"end":{"line":103,"column":33}},"103":{"start":{"line":104,"column":0},"end":{"line":104,"column":24}},"104":{"start":{"line":105,"column":0},"end":{"line":105,"column":9}},"105":{"start":{"line":106,"column":0},"end":{"line":106,"column":5}},"106":{"start":{"line":107,"column":0},"end":{"line":107,"column":0}},"107":{"start":{"line":108,"column":0},"end":{"line":108,"column":0}},"108":{"start":{"line":109,"column":0},"end":{"line":109,"column":79}},"109":{"start":{"line":110,"column":0},"end":{"line":110,"column":53}},"110":{"start":{"line":111,"column":0},"end":{"line":111,"column":21}},"111":{"start":{"line":112,"column":0},"end":{"line":112,"column":35}},"112":{"start":{"line":113,"column":0},"end":{"line":113,"column":31}},"113":{"start":{"line":114,"column":0},"end":{"line":114,"column":5}},"114":{"start":{"line":115,"column":0},"end":{"line":115,"column":1}},"115":{"start":{"line":116,"column":0},"end":{"line":116,"column":0}},"116":{"start":{"line":117,"column":0},"end":{"line":117,"column":37}},"117":{"start":{"line":118,"column":0},"end":{"line":118,"column":70}},"118":{"start":{"line":119,"column":0},"end":{"line":119,"column":45}},"119":{"start":{"line":120,"column":0},"end":{"line":120,"column":8}},"120":{"start":{"line":121,"column":0},"end":{"line":121,"column":65}},"121":{"start":{"line":122,"column":0},"end":{"line":122,"column":43}},"122":{"start":{"line":123,"column":0},"end":{"line":123,"column":0}},"123":{"start":{"line":124,"column":0},"end":{"line":124,"column":33}},"124":{"start":{"line":125,"column":0},"end":{"line":125,"column":31}},"125":{"start":{"line":126,"column":0},"end":{"line":126,"column":11}},"126":{"start":{"line":127,"column":0},"end":{"line":127,"column":5}},"127":{"start":{"line":128,"column":0},"end":{"line":128,"column":0}},"128":{"start":{"line":129,"column":0},"end":{"line":129,"column":68}},"129":{"start":{"line":130,"column":0},"end":{"line":130,"column":45}},"130":{"start":{"line":131,"column":0},"end":{"line":131,"column":0}},"131":{"start":{"line":132,"column":0},"end":{"line":132,"column":61}},"132":{"start":{"line":133,"column":0},"end":{"line":133,"column":39}},"133":{"start":{"line":134,"column":0},"end":{"line":134,"column":0}},"134":{"start":{"line":135,"column":0},"end":{"line":135,"column":33}},"135":{"start":{"line":136,"column":0},"end":{"line":136,"column":27}},"136":{"start":{"line":137,"column":0},"end":{"line":137,"column":11}},"137":{"start":{"line":138,"column":0},"end":{"line":138,"column":5}},"138":{"start":{"line":139,"column":0},"end":{"line":139,"column":0}},"139":{"start":{"line":140,"column":0},"end":{"line":140,"column":77}},"140":{"start":{"line":141,"column":0},"end":{"line":141,"column":45}},"141":{"start":{"line":142,"column":0},"end":{"line":142,"column":0}},"142":{"start":{"line":143,"column":0},"end":{"line":143,"column":80}},"143":{"start":{"line":144,"column":0},"end":{"line":144,"column":57}},"144":{"start":{"line":145,"column":0},"end":{"line":145,"column":0}},"145":{"start":{"line":146,"column":0},"end":{"line":146,"column":33}},"146":{"start":{"line":147,"column":0},"end":{"line":147,"column":46}},"147":{"start":{"line":148,"column":0},"end":{"line":148,"column":11}},"148":{"start":{"line":149,"column":0},"end":{"line":149,"column":5}},"149":{"start":{"line":150,"column":0},"end":{"line":150,"column":4}},"150":{"start":{"line":151,"column":0},"end":{"line":151,"column":84}},"151":{"start":{"line":152,"column":0},"end":{"line":152,"column":38}},"152":{"start":{"line":153,"column":0},"end":{"line":153,"column":37}},"153":{"start":{"line":154,"column":0},"end":{"line":154,"column":24}},"154":{"start":{"line":155,"column":0},"end":{"line":155,"column":50}},"155":{"start":{"line":156,"column":0},"end":{"line":156,"column":50}},"156":{"start":{"line":157,"column":0},"end":{"line":157,"column":32}},"157":{"start":{"line":158,"column":0},"end":{"line":158,"column":0}},"158":{"start":{"line":159,"column":0},"end":{"line":159,"column":38}},"159":{"start":{"line":160,"column":0},"end":{"line":160,"column":36}},"160":{"start":{"line":161,"column":0},"end":{"line":161,"column":12}},"161":{"start":{"line":162,"column":0},"end":{"line":162,"column":25}},"162":{"start":{"line":163,"column":0},"end":{"line":163,"column":41}},"163":{"start":{"line":164,"column":0},"end":{"line":164,"column":25}},"164":{"start":{"line":165,"column":0},"end":{"line":165,"column":52}},"165":{"start":{"line":166,"column":0},"end":{"line":166,"column":52}},"166":{"start":{"line":167,"column":0},"end":{"line":167,"column":36}},"167":{"start":{"line":168,"column":0},"end":{"line":168,"column":18}},"168":{"start":{"line":169,"column":0},"end":{"line":169,"column":27}},"169":{"start":{"line":170,"column":0},"end":{"line":170,"column":19}},"170":{"start":{"line":171,"column":0},"end":{"line":171,"column":46}},"171":{"start":{"line":172,"column":0},"end":{"line":172,"column":19}},"172":{"start":{"line":173,"column":0},"end":{"line":173,"column":9}},"173":{"start":{"line":174,"column":0},"end":{"line":174,"column":0}},"174":{"start":{"line":175,"column":0},"end":{"line":175,"column":55}},"175":{"start":{"line":176,"column":0},"end":{"line":176,"column":31}},"176":{"start":{"line":177,"column":0},"end":{"line":177,"column":25}},"177":{"start":{"line":178,"column":0},"end":{"line":178,"column":41}},"178":{"start":{"line":179,"column":0},"end":{"line":179,"column":54}},"179":{"start":{"line":180,"column":0},"end":{"line":180,"column":54}},"180":{"start":{"line":181,"column":0},"end":{"line":181,"column":27}},"181":{"start":{"line":182,"column":0},"end":{"line":182,"column":16}},"182":{"start":{"line":183,"column":0},"end":{"line":183,"column":25}},"183":{"start":{"line":184,"column":0},"end":{"line":184,"column":42}},"184":{"start":{"line":185,"column":0},"end":{"line":185,"column":22}},"185":{"start":{"line":186,"column":0},"end":{"line":186,"column":41}},"186":{"start":{"line":187,"column":0},"end":{"line":187,"column":18}},"187":{"start":{"line":188,"column":0},"end":{"line":188,"column":54}},"188":{"start":{"line":189,"column":0},"end":{"line":189,"column":54}},"189":{"start":{"line":190,"column":0},"end":{"line":190,"column":27}},"190":{"start":{"line":191,"column":0},"end":{"line":191,"column":9}},"191":{"start":{"line":192,"column":0},"end":{"line":192,"column":5}},"192":{"start":{"line":193,"column":0},"end":{"line":193,"column":0}},"193":{"start":{"line":194,"column":0},"end":{"line":194,"column":70}},"194":{"start":{"line":195,"column":0},"end":{"line":195,"column":35}},"195":{"start":{"line":196,"column":0},"end":{"line":196,"column":0}},"196":{"start":{"line":197,"column":0},"end":{"line":197,"column":33}},"197":{"start":{"line":198,"column":0},"end":{"line":198,"column":27}},"198":{"start":{"line":199,"column":0},"end":{"line":199,"column":11}},"199":{"start":{"line":200,"column":0},"end":{"line":200,"column":5}},"200":{"start":{"line":201,"column":0},"end":{"line":201,"column":0}},"201":{"start":{"line":202,"column":0},"end":{"line":202,"column":77}},"202":{"start":{"line":203,"column":0},"end":{"line":203,"column":35}},"203":{"start":{"line":204,"column":0},"end":{"line":204,"column":0}},"204":{"start":{"line":205,"column":0},"end":{"line":205,"column":33}},"205":{"start":{"line":206,"column":0},"end":{"line":206,"column":35}},"206":{"start":{"line":207,"column":0},"end":{"line":207,"column":11}},"207":{"start":{"line":208,"column":0},"end":{"line":208,"column":5}},"208":{"start":{"line":209,"column":0},"end":{"line":209,"column":0}},"209":{"start":{"line":210,"column":0},"end":{"line":210,"column":56}},"210":{"start":{"line":211,"column":0},"end":{"line":211,"column":45}},"211":{"start":{"line":212,"column":0},"end":{"line":212,"column":28}},"212":{"start":{"line":213,"column":0},"end":{"line":213,"column":5}},"213":{"start":{"line":214,"column":0},"end":{"line":214,"column":0}},"214":{"start":{"line":215,"column":0},"end":{"line":215,"column":54}},"215":{"start":{"line":216,"column":0},"end":{"line":216,"column":45}},"216":{"start":{"line":217,"column":0},"end":{"line":217,"column":26}},"217":{"start":{"line":218,"column":0},"end":{"line":218,"column":5}},"218":{"start":{"line":219,"column":0},"end":{"line":219,"column":0}},"219":{"start":{"line":220,"column":0},"end":{"line":220,"column":63}},"220":{"start":{"line":221,"column":0},"end":{"line":221,"column":45}},"221":{"start":{"line":222,"column":0},"end":{"line":222,"column":36}},"222":{"start":{"line":223,"column":0},"end":{"line":223,"column":5}},"223":{"start":{"line":224,"column":0},"end":{"line":224,"column":0}},"224":{"start":{"line":225,"column":0},"end":{"line":225,"column":84}},"225":{"start":{"line":226,"column":0},"end":{"line":226,"column":48}},"226":{"start":{"line":227,"column":0},"end":{"line":227,"column":37}},"227":{"start":{"line":228,"column":0},"end":{"line":228,"column":24}},"228":{"start":{"line":229,"column":0},"end":{"line":229,"column":50}},"229":{"start":{"line":230,"column":0},"end":{"line":230,"column":50}},"230":{"start":{"line":231,"column":0},"end":{"line":231,"column":44}},"231":{"start":{"line":232,"column":0},"end":{"line":232,"column":8}},"232":{"start":{"line":233,"column":0},"end":{"line":233,"column":24}},"233":{"start":{"line":234,"column":0},"end":{"line":234,"column":5}},"234":{"start":{"line":235,"column":0},"end":{"line":235,"column":0}},"235":{"start":{"line":236,"column":0},"end":{"line":236,"column":58}},"236":{"start":{"line":237,"column":0},"end":{"line":237,"column":51}},"237":{"start":{"line":238,"column":0},"end":{"line":238,"column":37}},"238":{"start":{"line":239,"column":0},"end":{"line":239,"column":24}},"239":{"start":{"line":240,"column":0},"end":{"line":240,"column":50}},"240":{"start":{"line":241,"column":0},"end":{"line":241,"column":37}},"241":{"start":{"line":242,"column":0},"end":{"line":242,"column":25}},"242":{"start":{"line":243,"column":0},"end":{"line":243,"column":5}},"243":{"start":{"line":244,"column":0},"end":{"line":244,"column":0}},"244":{"start":{"line":245,"column":0},"end":{"line":245,"column":39}},"245":{"start":{"line":246,"column":0},"end":{"line":246,"column":38}},"246":{"start":{"line":247,"column":0},"end":{"line":247,"column":5}},"247":{"start":{"line":248,"column":0},"end":{"line":248,"column":1}},"248":{"start":{"line":249,"column":0},"end":{"line":249,"column":0}},"249":{"start":{"line":250,"column":0},"end":{"line":250,"column":37}},"250":{"start":{"line":251,"column":0},"end":{"line":251,"column":41}},"251":{"start":{"line":252,"column":0},"end":{"line":252,"column":63}},"252":{"start":{"line":253,"column":0},"end":{"line":253,"column":92}},"253":{"start":{"line":254,"column":0},"end":{"line":254,"column":42}},"254":{"start":{"line":255,"column":0},"end":{"line":255,"column":59}},"255":{"start":{"line":256,"column":0},"end":{"line":256,"column":57}},"256":{"start":{"line":257,"column":0},"end":{"line":257,"column":53}},"257":{"start":{"line":258,"column":0},"end":{"line":258,"column":52}},"258":{"start":{"line":259,"column":0},"end":{"line":259,"column":23}},"259":{"start":{"line":260,"column":0},"end":{"line":260,"column":116}},"260":{"start":{"line":261,"column":0},"end":{"line":261,"column":16}},"261":{"start":{"line":262,"column":0},"end":{"line":262,"column":12}},"262":{"start":{"line":263,"column":0},"end":{"line":263,"column":5}},"263":{"start":{"line":264,"column":0},"end":{"line":264,"column":0}},"264":{"start":{"line":265,"column":0},"end":{"line":265,"column":39}},"265":{"start":{"line":266,"column":0},"end":{"line":266,"column":38}},"266":{"start":{"line":267,"column":0},"end":{"line":267,"column":5}},"267":{"start":{"line":268,"column":0},"end":{"line":268,"column":1}},"268":{"start":{"line":269,"column":0},"end":{"line":269,"column":0}},"269":{"start":{"line":270,"column":0},"end":{"line":270,"column":54}},"270":{"start":{"line":271,"column":0},"end":{"line":271,"column":0}},"271":{"start":{"line":272,"column":0},"end":{"line":272,"column":39}},"272":{"start":{"line":273,"column":0},"end":{"line":273,"column":35}},"273":{"start":{"line":274,"column":0},"end":{"line":274,"column":41}},"274":{"start":{"line":275,"column":0},"end":{"line":275,"column":58}},"275":{"start":{"line":276,"column":0},"end":{"line":276,"column":0}},"276":{"start":{"line":277,"column":0},"end":{"line":277,"column":45}},"277":{"start":{"line":278,"column":0},"end":{"line":278,"column":67}},"278":{"start":{"line":279,"column":0},"end":{"line":279,"column":11}},"279":{"start":{"line":280,"column":0},"end":{"line":280,"column":5}},"280":{"start":{"line":281,"column":0},"end":{"line":281,"column":0}},"281":{"start":{"line":282,"column":0},"end":{"line":282,"column":55}},"282":{"start":{"line":283,"column":0},"end":{"line":283,"column":33}},"283":{"start":{"line":284,"column":0},"end":{"line":284,"column":24}},"284":{"start":{"line":285,"column":0},"end":{"line":285,"column":41}},"285":{"start":{"line":286,"column":0},"end":{"line":286,"column":16}},"286":{"start":{"line":287,"column":0},"end":{"line":287,"column":25}},"287":{"start":{"line":288,"column":0},"end":{"line":288,"column":44}},"288":{"start":{"line":289,"column":0},"end":{"line":289,"column":9}},"289":{"start":{"line":290,"column":0},"end":{"line":290,"column":5}},"290":{"start":{"line":291,"column":0},"end":{"line":291,"column":0}},"291":{"start":{"line":292,"column":0},"end":{"line":292,"column":61}},"292":{"start":{"line":293,"column":0},"end":{"line":293,"column":28}},"293":{"start":{"line":294,"column":0},"end":{"line":294,"column":33}},"294":{"start":{"line":295,"column":0},"end":{"line":295,"column":24}},"295":{"start":{"line":296,"column":0},"end":{"line":296,"column":54}},"296":{"start":{"line":297,"column":0},"end":{"line":297,"column":41}},"297":{"start":{"line":298,"column":0},"end":{"line":298,"column":41}},"298":{"start":{"line":299,"column":0},"end":{"line":299,"column":5}},"299":{"start":{"line":300,"column":0},"end":{"line":300,"column":0}},"300":{"start":{"line":301,"column":0},"end":{"line":301,"column":92}},"301":{"start":{"line":302,"column":0},"end":{"line":302,"column":32}},"302":{"start":{"line":303,"column":0},"end":{"line":303,"column":40}},"303":{"start":{"line":304,"column":0},"end":{"line":304,"column":91}},"304":{"start":{"line":305,"column":0},"end":{"line":305,"column":31}},"305":{"start":{"line":306,"column":0},"end":{"line":306,"column":0}},"306":{"start":{"line":307,"column":0},"end":{"line":307,"column":55}},"307":{"start":{"line":308,"column":0},"end":{"line":308,"column":43}},"308":{"start":{"line":309,"column":0},"end":{"line":309,"column":37}},"309":{"start":{"line":310,"column":0},"end":{"line":310,"column":32}},"310":{"start":{"line":311,"column":0},"end":{"line":311,"column":31}},"311":{"start":{"line":312,"column":0},"end":{"line":312,"column":52}},"312":{"start":{"line":313,"column":0},"end":{"line":313,"column":51}},"313":{"start":{"line":314,"column":0},"end":{"line":314,"column":11}},"314":{"start":{"line":315,"column":0},"end":{"line":315,"column":5}},"315":{"start":{"line":316,"column":0},"end":{"line":316,"column":0}},"316":{"start":{"line":317,"column":0},"end":{"line":317,"column":0}},"317":{"start":{"line":318,"column":0},"end":{"line":318,"column":77}},"318":{"start":{"line":319,"column":0},"end":{"line":319,"column":35}},"319":{"start":{"line":320,"column":0},"end":{"line":320,"column":0}},"320":{"start":{"line":321,"column":0},"end":{"line":321,"column":46}},"321":{"start":{"line":322,"column":0},"end":{"line":322,"column":5}},"322":{"start":{"line":323,"column":0},"end":{"line":323,"column":4}},"323":{"start":{"line":324,"column":0},"end":{"line":324,"column":47}},"324":{"start":{"line":325,"column":0},"end":{"line":325,"column":13}},"325":{"start":{"line":326,"column":0},"end":{"line":326,"column":55}},"326":{"start":{"line":327,"column":0},"end":{"line":327,"column":43}},"327":{"start":{"line":328,"column":0},"end":{"line":328,"column":28}},"328":{"start":{"line":329,"column":0},"end":{"line":329,"column":27}},"329":{"start":{"line":330,"column":0},"end":{"line":330,"column":28}},"330":{"start":{"line":331,"column":0},"end":{"line":331,"column":45}},"331":{"start":{"line":332,"column":0},"end":{"line":332,"column":101}},"332":{"start":{"line":333,"column":0},"end":{"line":333,"column":44}},"333":{"start":{"line":334,"column":0},"end":{"line":334,"column":34}},"334":{"start":{"line":335,"column":0},"end":{"line":335,"column":126}},"335":{"start":{"line":336,"column":0},"end":{"line":336,"column":17}},"336":{"start":{"line":337,"column":0},"end":{"line":337,"column":51}},"337":{"start":{"line":338,"column":0},"end":{"line":338,"column":27}},"338":{"start":{"line":339,"column":0},"end":{"line":339,"column":32}},"339":{"start":{"line":340,"column":0},"end":{"line":340,"column":25}},"340":{"start":{"line":341,"column":0},"end":{"line":341,"column":66}},"341":{"start":{"line":342,"column":0},"end":{"line":342,"column":9}},"342":{"start":{"line":343,"column":0},"end":{"line":343,"column":5}},"343":{"start":{"line":344,"column":0},"end":{"line":344,"column":0}},"344":{"start":{"line":345,"column":0},"end":{"line":345,"column":60}},"345":{"start":{"line":346,"column":0},"end":{"line":346,"column":40}},"346":{"start":{"line":347,"column":0},"end":{"line":347,"column":5}},"347":{"start":{"line":348,"column":0},"end":{"line":348,"column":0}},"348":{"start":{"line":349,"column":0},"end":{"line":349,"column":96}},"349":{"start":{"line":350,"column":0},"end":{"line":350,"column":35}},"350":{"start":{"line":351,"column":0},"end":{"line":351,"column":27}},"351":{"start":{"line":352,"column":0},"end":{"line":352,"column":23}},"352":{"start":{"line":353,"column":0},"end":{"line":353,"column":48}},"353":{"start":{"line":354,"column":0},"end":{"line":354,"column":22}},"354":{"start":{"line":355,"column":0},"end":{"line":355,"column":24}},"355":{"start":{"line":356,"column":0},"end":{"line":356,"column":46}},"356":{"start":{"line":357,"column":0},"end":{"line":357,"column":22}},"357":{"start":{"line":358,"column":0},"end":{"line":358,"column":23}},"358":{"start":{"line":359,"column":0},"end":{"line":359,"column":45}},"359":{"start":{"line":360,"column":0},"end":{"line":360,"column":22}},"360":{"start":{"line":361,"column":0},"end":{"line":361,"column":25}},"361":{"start":{"line":362,"column":0},"end":{"line":362,"column":46}},"362":{"start":{"line":363,"column":0},"end":{"line":363,"column":38}},"363":{"start":{"line":364,"column":0},"end":{"line":364,"column":9}},"364":{"start":{"line":365,"column":0},"end":{"line":365,"column":8}},"365":{"start":{"line":366,"column":0},"end":{"line":366,"column":85}},"366":{"start":{"line":367,"column":0},"end":{"line":367,"column":8}},"367":{"start":{"line":368,"column":0},"end":{"line":368,"column":51}},"368":{"start":{"line":369,"column":0},"end":{"line":369,"column":39}},"369":{"start":{"line":370,"column":0},"end":{"line":370,"column":23}},"370":{"start":{"line":371,"column":0},"end":{"line":371,"column":24}},"371":{"start":{"line":372,"column":0},"end":{"line":372,"column":41}},"372":{"start":{"line":373,"column":0},"end":{"line":373,"column":29}},"373":{"start":{"line":374,"column":0},"end":{"line":374,"column":35}},"374":{"start":{"line":375,"column":0},"end":{"line":375,"column":79}},"375":{"start":{"line":376,"column":0},"end":{"line":376,"column":150}},"376":{"start":{"line":377,"column":0},"end":{"line":377,"column":22}},"377":{"start":{"line":378,"column":0},"end":{"line":378,"column":48}},"378":{"start":{"line":379,"column":0},"end":{"line":379,"column":40}},"379":{"start":{"line":380,"column":0},"end":{"line":380,"column":30}},"380":{"start":{"line":381,"column":0},"end":{"line":381,"column":122}},"381":{"start":{"line":382,"column":0},"end":{"line":382,"column":13}},"382":{"start":{"line":383,"column":0},"end":{"line":383,"column":24}},"383":{"start":{"line":384,"column":0},"end":{"line":384,"column":63}},"384":{"start":{"line":385,"column":0},"end":{"line":385,"column":81}},"385":{"start":{"line":386,"column":0},"end":{"line":386,"column":47}},"386":{"start":{"line":387,"column":0},"end":{"line":387,"column":23}},"387":{"start":{"line":388,"column":0},"end":{"line":388,"column":0}},"388":{"start":{"line":389,"column":0},"end":{"line":389,"column":28}},"389":{"start":{"line":390,"column":0},"end":{"line":390,"column":5}},"390":{"start":{"line":391,"column":0},"end":{"line":391,"column":4}},"391":{"start":{"line":392,"column":0},"end":{"line":392,"column":39}},"392":{"start":{"line":393,"column":0},"end":{"line":393,"column":40}},"393":{"start":{"line":394,"column":0},"end":{"line":394,"column":5}},"394":{"start":{"line":395,"column":0},"end":{"line":395,"column":1}},"395":{"start":{"line":396,"column":0},"end":{"line":396,"column":0}},"396":{"start":{"line":397,"column":0},"end":{"line":397,"column":46}},"397":{"start":{"line":398,"column":0},"end":{"line":398,"column":44}},"398":{"start":{"line":399,"column":0},"end":{"line":399,"column":76}},"399":{"start":{"line":400,"column":0},"end":{"line":400,"column":72}},"400":{"start":{"line":401,"column":0},"end":{"line":401,"column":0}},"401":{"start":{"line":402,"column":0},"end":{"line":402,"column":49}},"402":{"start":{"line":403,"column":0},"end":{"line":403,"column":75}},"403":{"start":{"line":404,"column":0},"end":{"line":404,"column":112}},"404":{"start":{"line":405,"column":0},"end":{"line":405,"column":49}},"405":{"start":{"line":406,"column":0},"end":{"line":406,"column":74}},"406":{"start":{"line":407,"column":0},"end":{"line":407,"column":67}},"407":{"start":{"line":408,"column":0},"end":{"line":408,"column":67}},"408":{"start":{"line":409,"column":0},"end":{"line":409,"column":66}},"409":{"start":{"line":410,"column":0},"end":{"line":410,"column":27}},"410":{"start":{"line":411,"column":0},"end":{"line":411,"column":127}},"411":{"start":{"line":412,"column":0},"end":{"line":412,"column":20}},"412":{"start":{"line":413,"column":0},"end":{"line":413,"column":16}},"413":{"start":{"line":414,"column":0},"end":{"line":414,"column":12}},"414":{"start":{"line":415,"column":0},"end":{"line":415,"column":8}},"415":{"start":{"line":416,"column":0},"end":{"line":416,"column":4}},"416":{"start":{"line":417,"column":0},"end":{"line":417,"column":0}},"417":{"start":{"line":418,"column":0},"end":{"line":418,"column":28}},"418":{"start":{"line":419,"column":0},"end":{"line":419,"column":28}},"419":{"start":{"line":420,"column":0},"end":{"line":420,"column":30}},"420":{"start":{"line":421,"column":0},"end":{"line":421,"column":0}},"421":{"start":{"line":422,"column":0},"end":{"line":422,"column":63}}},"s":{"0":1,"1":1,"2":1,"3":1,"4":1,"5":1,"6":1,"7":1,"8":1,"9":1,"10":1,"11":1,"12":1,"13":1,"14":1,"15":1,"16":1,"17":1,"18":1,"19":1,"20":1,"21":1,"22":1,"23":1,"24":1,"25":1,"26":1,"27":1,"28":1,"29":1,"30":1,"31":6,"32":6,"33":6,"34":6,"35":6,"36":6,"37":6,"38":0,"39":0,"40":0,"41":0,"42":0,"43":0,"44":6,"45":6,"46":38,"47":38,"48":38,"49":38,"50":38,"51":38,"52":6,"53":6,"54":30,"55":30,"56":6,"57":6,"58":12,"59":12,"60":12,"61":12,"62":12,"63":12,"64":6,"65":6,"66":18,"67":15,"68":15,"69":18,"70":3,"71":3,"72":3,"73":18,"74":6,"75":6,"76":28,"77":28,"78":28,"79":28,"80":28,"81":28,"82":28,"83":28,"84":28,"85":28,"86":10,"87":10,"88":10,"89":10,"90":10,"91":10,"92":28,"93":18,"94":18,"95":18,"96":18,"97":18,"98":18,"99":28,"100":28,"101":28,"102":0,"103":0,"104":0,"105":28,"106":6,"107":6,"108":6,"109":6,"110":6,"111":6,"112":6,"113":6,"114":6,"115":1,"116":1,"117":1,"118":3,"119":3,"120":3,"121":3,"122":3,"123":3,"124":3,"125":3,"126":3,"127":1,"128":1,"129":3,"130":3,"131":3,"132":3,"133":3,"134":3,"135":3,"136":3,"137":3,"138":1,"139":1,"140":3,"141":3,"142":3,"143":3,"144":3,"145":3,"146":3,"147":3,"148":3,"149":1,"150":1,"151":9,"152":9,"153":9,"154":9,"155":9,"156":9,"157":9,"158":9,"159":5,"160":5,"161":5,"162":5,"163":5,"164":5,"165":5,"166":5,"167":5,"168":5,"169":5,"170":9,"171":1,"172":1,"173":3,"174":3,"175":9,"176":1,"177":1,"178":1,"179":1,"180":1,"181":9,"182":2,"183":2,"184":2,"185":2,"186":2,"187":2,"188":2,"189":2,"190":2,"191":9,"192":1,"193":1,"194":0,"195":0,"196":0,"197":0,"198":0,"199":0,"200":1,"201":1,"202":0,"203":0,"204":0,"205":0,"206":0,"207":0,"208":1,"209":1,"210":3,"211":3,"212":3,"213":1,"214":1,"215":3,"216":3,"217":3,"218":1,"219":1,"220":3,"221":3,"222":3,"223":1,"224":1,"225":5,"226":5,"227":5,"228":5,"229":5,"230":5,"231":5,"232":5,"233":5,"234":1,"235":1,"236":3,"237":3,"238":3,"239":3,"240":3,"241":3,"242":3,"243":1,"244":1,"245":2,"246":2,"247":1,"248":1,"249":1,"250":1,"251":0,"252":0,"253":0,"254":0,"255":0,"256":0,"257":0,"258":0,"259":0,"260":0,"261":0,"262":0,"263":1,"264":1,"265":2,"266":2,"267":1,"268":1,"269":1,"270":1,"271":1,"272":1,"273":1,"274":0,"275":0,"276":0,"277":0,"278":0,"279":0,"280":1,"281":1,"282":3,"283":3,"284":3,"285":3,"286":0,"287":0,"288":0,"289":3,"290":1,"291":1,"292":3,"293":3,"294":3,"295":3,"296":3,"297":3,"298":3,"299":1,"300":1,"301":7,"302":7,"303":7,"304":7,"305":7,"306":7,"307":7,"308":7,"309":7,"310":7,"311":7,"312":7,"313":7,"314":7,"315":1,"316":1,"317":1,"318":5,"319":5,"320":5,"321":5,"322":1,"323":1,"324":0,"325":0,"326":0,"327":0,"328":0,"329":0,"330":0,"331":0,"332":0,"333":0,"334":0,"335":0,"336":0,"337":0,"338":0,"339":0,"340":0,"341":0,"342":0,"343":1,"344":1,"345":3,"346":3,"347":1,"348":1,"349":6,"350":6,"351":6,"352":3,"353":3,"354":6,"355":3,"356":3,"357":6,"358":0,"359":0,"360":6,"361":0,"362":6,"363":6,"364":6,"365":6,"366":6,"367":6,"368":6,"369":6,"370":6,"371":6,"372":6,"373":6,"374":6,"375":6,"376":6,"377":6,"378":6,"379":6,"380":6,"381":6,"382":6,"383":6,"384":6,"385":6,"386":6,"387":6,"388":6,"389":6,"390":1,"391":1,"392":2,"393":2,"394":1,"395":1,"396":1,"397":1,"398":1,"399":1,"400":1,"401":1,"402":1,"403":1,"404":1,"405":1,"406":1,"407":1,"408":1,"409":1,"410":1,"411":1,"412":1,"413":1,"414":1,"415":1,"416":1,"417":1,"418":1,"419":1,"420":1,"421":1},"branchMap":{"0":{"type":"branch","line":32,"loc":{"start":{"line":32,"column":0},"end":{"line":115,"column":1}},"locations":[{"start":{"line":32,"column":0},"end":{"line":115,"column":1}}]},"1":{"type":"branch","line":46,"loc":{"start":{"line":46,"column":4},"end":{"line":52,"column":5}},"locations":[{"start":{"line":46,"column":4},"end":{"line":52,"column":5}}]},"2":{"type":"branch","line":54,"loc":{"start":{"line":54,"column":4},"end":{"line":56,"column":5}},"locations":[{"start":{"line":54,"column":4},"end":{"line":56,"column":5}}]},"3":{"type":"branch","line":58,"loc":{"start":{"line":58,"column":4},"end":{"line":64,"column":5}},"locations":[{"start":{"line":58,"column":4},"end":{"line":64,"column":5}}]},"4":{"type":"branch","line":66,"loc":{"start":{"line":66,"column":4},"end":{"line":74,"column":5}},"locations":[{"start":{"line":66,"column":4},"end":{"line":74,"column":5}}]},"5":{"type":"branch","line":67,"loc":{"start":{"line":67,"column":32},"end":{"line":70,"column":15}},"locations":[{"start":{"line":67,"column":32},"end":{"line":70,"column":15}}]},"6":{"type":"branch","line":70,"loc":{"start":{"line":70,"column":9},"end":{"line":73,"column":9}},"locations":[{"start":{"line":70,"column":9},"end":{"line":73,"column":9}}]},"7":{"type":"branch","line":76,"loc":{"start":{"line":76,"column":4},"end":{"line":106,"column":5}},"locations":[{"start":{"line":76,"column":4},"end":{"line":106,"column":5}}]},"8":{"type":"branch","line":86,"loc":{"start":{"line":86,"column":24},"end":{"line":93,"column":19}},"locations":[{"start":{"line":86,"column":24},"end":{"line":93,"column":19}}]},"9":{"type":"branch","line":93,"loc":{"start":{"line":93,"column":13},"end":{"line":99,"column":13}},"locations":[{"start":{"line":93,"column":13},"end":{"line":99,"column":13}}]},"10":{"type":"branch","line":102,"loc":{"start":{"line":102,"column":10},"end":{"line":105,"column":9}},"locations":[{"start":{"line":102,"column":10},"end":{"line":105,"column":9}}]},"11":{"type":"branch","line":109,"loc":{"start":{"line":109,"column":4},"end":{"line":114,"column":5}},"locations":[{"start":{"line":109,"column":4},"end":{"line":114,"column":5}}]},"12":{"type":"branch","line":118,"loc":{"start":{"line":118,"column":4},"end":{"line":127,"column":5}},"locations":[{"start":{"line":118,"column":4},"end":{"line":127,"column":5}}]},"13":{"type":"branch","line":121,"loc":{"start":{"line":121,"column":30},"end":{"line":121,"column":55}},"locations":[{"start":{"line":121,"column":30},"end":{"line":121,"column":55}}]},"14":{"type":"branch","line":121,"loc":{"start":{"line":121,"column":56},"end":{"line":121,"column":64}},"locations":[{"start":{"line":121,"column":56},"end":{"line":121,"column":64}}]},"15":{"type":"branch","line":122,"loc":{"start":{"line":122,"column":28},"end":{"line":122,"column":43}},"locations":[{"start":{"line":122,"column":28},"end":{"line":122,"column":43}}]},"16":{"type":"branch","line":129,"loc":{"start":{"line":129,"column":4},"end":{"line":138,"column":5}},"locations":[{"start":{"line":129,"column":4},"end":{"line":138,"column":5}}]},"17":{"type":"branch","line":132,"loc":{"start":{"line":132,"column":28},"end":{"line":132,"column":51}},"locations":[{"start":{"line":132,"column":28},"end":{"line":132,"column":51}}]},"18":{"type":"branch","line":132,"loc":{"start":{"line":132,"column":52},"end":{"line":132,"column":60}},"locations":[{"start":{"line":132,"column":52},"end":{"line":132,"column":60}}]},"19":{"type":"branch","line":133,"loc":{"start":{"line":133,"column":26},"end":{"line":133,"column":39}},"locations":[{"start":{"line":133,"column":26},"end":{"line":133,"column":39}}]},"20":{"type":"branch","line":140,"loc":{"start":{"line":140,"column":4},"end":{"line":149,"column":5}},"locations":[{"start":{"line":140,"column":4},"end":{"line":149,"column":5}}]},"21":{"type":"branch","line":143,"loc":{"start":{"line":143,"column":37},"end":{"line":143,"column":70}},"locations":[{"start":{"line":143,"column":37},"end":{"line":143,"column":70}}]},"22":{"type":"branch","line":143,"loc":{"start":{"line":143,"column":71},"end":{"line":143,"column":79}},"locations":[{"start":{"line":143,"column":71},"end":{"line":143,"column":79}}]},"23":{"type":"branch","line":144,"loc":{"start":{"line":144,"column":35},"end":{"line":144,"column":57}},"locations":[{"start":{"line":144,"column":35},"end":{"line":144,"column":57}}]},"24":{"type":"branch","line":151,"loc":{"start":{"line":151,"column":4},"end":{"line":192,"column":5}},"locations":[{"start":{"line":151,"column":4},"end":{"line":192,"column":5}}]},"25":{"type":"branch","line":159,"loc":{"start":{"line":159,"column":21},"end":{"line":159,"column":35}},"locations":[{"start":{"line":159,"column":21},"end":{"line":159,"column":35}}]},"26":{"type":"branch","line":159,"loc":{"start":{"line":159,"column":37},"end":{"line":171,"column":15}},"locations":[{"start":{"line":159,"column":37},"end":{"line":171,"column":15}}]},"27":{"type":"branch","line":171,"loc":{"start":{"line":171,"column":9},"end":{"line":173,"column":9}},"locations":[{"start":{"line":171,"column":9},"end":{"line":173,"column":9}}]},"28":{"type":"branch","line":171,"loc":{"start":{"line":171,"column":28},"end":{"line":171,"column":43}},"locations":[{"start":{"line":171,"column":28},"end":{"line":171,"column":43}}]},"29":{"type":"branch","line":171,"loc":{"start":{"line":171,"column":45},"end":{"line":173,"column":9}},"locations":[{"start":{"line":171,"column":45},"end":{"line":173,"column":9}}]},"30":{"type":"branch","line":174,"loc":{"start":{"line":174,"column":-1},"end":{"line":176,"column":30}},"locations":[{"start":{"line":174,"column":-1},"end":{"line":176,"column":30}}]},"31":{"type":"branch","line":176,"loc":{"start":{"line":176,"column":30},"end":{"line":182,"column":15}},"locations":[{"start":{"line":176,"column":30},"end":{"line":182,"column":15}}]},"32":{"type":"branch","line":182,"loc":{"start":{"line":182,"column":9},"end":{"line":191,"column":9}},"locations":[{"start":{"line":182,"column":9},"end":{"line":191,"column":9}}]},"33":{"type":"branch","line":210,"loc":{"start":{"line":210,"column":4},"end":{"line":213,"column":5}},"locations":[{"start":{"line":210,"column":4},"end":{"line":213,"column":5}}]},"34":{"type":"branch","line":215,"loc":{"start":{"line":215,"column":4},"end":{"line":218,"column":5}},"locations":[{"start":{"line":215,"column":4},"end":{"line":218,"column":5}}]},"35":{"type":"branch","line":220,"loc":{"start":{"line":220,"column":4},"end":{"line":223,"column":5}},"locations":[{"start":{"line":220,"column":4},"end":{"line":223,"column":5}}]},"36":{"type":"branch","line":225,"loc":{"start":{"line":225,"column":4},"end":{"line":234,"column":5}},"locations":[{"start":{"line":225,"column":4},"end":{"line":234,"column":5}}]},"37":{"type":"branch","line":236,"loc":{"start":{"line":236,"column":4},"end":{"line":243,"column":5}},"locations":[{"start":{"line":236,"column":4},"end":{"line":243,"column":5}}]},"38":{"type":"branch","line":245,"loc":{"start":{"line":245,"column":4},"end":{"line":247,"column":5}},"locations":[{"start":{"line":245,"column":4},"end":{"line":247,"column":5}}]},"39":{"type":"branch","line":265,"loc":{"start":{"line":265,"column":4},"end":{"line":267,"column":5}},"locations":[{"start":{"line":265,"column":4},"end":{"line":267,"column":5}}]},"40":{"type":"branch","line":282,"loc":{"start":{"line":282,"column":4},"end":{"line":290,"column":5}},"locations":[{"start":{"line":282,"column":4},"end":{"line":290,"column":5}}]},"41":{"type":"branch","line":286,"loc":{"start":{"line":286,"column":9},"end":{"line":289,"column":9}},"locations":[{"start":{"line":286,"column":9},"end":{"line":289,"column":9}}]},"42":{"type":"branch","line":292,"loc":{"start":{"line":292,"column":4},"end":{"line":299,"column":5}},"locations":[{"start":{"line":292,"column":4},"end":{"line":299,"column":5}}]},"43":{"type":"branch","line":301,"loc":{"start":{"line":301,"column":4},"end":{"line":315,"column":5}},"locations":[{"start":{"line":301,"column":4},"end":{"line":315,"column":5}}]},"44":{"type":"branch","line":307,"loc":{"start":{"line":307,"column":39},"end":{"line":314,"column":9}},"locations":[{"start":{"line":307,"column":39},"end":{"line":314,"column":9}}]},"45":{"type":"branch","line":318,"loc":{"start":{"line":318,"column":4},"end":{"line":322,"column":5}},"locations":[{"start":{"line":318,"column":4},"end":{"line":322,"column":5}}]},"46":{"type":"branch","line":319,"loc":{"start":{"line":319,"column":24},"end":{"line":319,"column":35}},"locations":[{"start":{"line":319,"column":24},"end":{"line":319,"column":35}}]},"47":{"type":"branch","line":345,"loc":{"start":{"line":345,"column":4},"end":{"line":347,"column":5}},"locations":[{"start":{"line":345,"column":4},"end":{"line":347,"column":5}}]},"48":{"type":"branch","line":349,"loc":{"start":{"line":349,"column":4},"end":{"line":390,"column":5}},"locations":[{"start":{"line":349,"column":4},"end":{"line":390,"column":5}}]},"49":{"type":"branch","line":352,"loc":{"start":{"line":352,"column":12},"end":{"line":354,"column":22}},"locations":[{"start":{"line":352,"column":12},"end":{"line":354,"column":22}}]},"50":{"type":"branch","line":355,"loc":{"start":{"line":355,"column":12},"end":{"line":357,"column":22}},"locations":[{"start":{"line":355,"column":12},"end":{"line":357,"column":22}}]},"51":{"type":"branch","line":358,"loc":{"start":{"line":358,"column":12},"end":{"line":360,"column":22}},"locations":[{"start":{"line":358,"column":12},"end":{"line":360,"column":22}}]},"52":{"type":"branch","line":361,"loc":{"start":{"line":361,"column":12},"end":{"line":363,"column":22}},"locations":[{"start":{"line":361,"column":12},"end":{"line":363,"column":22}}]},"53":{"type":"branch","line":371,"loc":{"start":{"line":371,"column":16},"end":{"line":380,"column":29}},"locations":[{"start":{"line":371,"column":16},"end":{"line":380,"column":29}}]},"54":{"type":"branch","line":375,"loc":{"start":{"line":375,"column":24},"end":{"line":375,"column":78}},"locations":[{"start":{"line":375,"column":24},"end":{"line":375,"column":78}}]},"55":{"type":"branch","line":376,"loc":{"start":{"line":376,"column":24},"end":{"line":376,"column":150}},"locations":[{"start":{"line":376,"column":24},"end":{"line":376,"column":150}}]},"56":{"type":"branch","line":376,"loc":{"start":{"line":376,"column":71},"end":{"line":376,"column":81}},"locations":[{"start":{"line":376,"column":71},"end":{"line":376,"column":81}}]},"57":{"type":"branch","line":376,"loc":{"start":{"line":376,"column":82},"end":{"line":376,"column":92}},"locations":[{"start":{"line":376,"column":82},"end":{"line":376,"column":92}}]},"58":{"type":"branch","line":381,"loc":{"start":{"line":381,"column":16},"end":{"line":381,"column":122}},"locations":[{"start":{"line":381,"column":16},"end":{"line":381,"column":122}}]},"59":{"type":"branch","line":392,"loc":{"start":{"line":392,"column":4},"end":{"line":394,"column":5}},"locations":[{"start":{"line":392,"column":4},"end":{"line":394,"column":5}}]}},"b":{"0":[6],"1":[38],"2":[30],"3":[12],"4":[18],"5":[15],"6":[3],"7":[28],"8":[10],"9":[18],"10":[0],"11":[6],"12":[3],"13":[2],"14":[1],"15":[1],"16":[3],"17":[2],"18":[1],"19":[1],"20":[3],"21":[2],"22":[1],"23":[1],"24":[9],"25":[6],"26":[5],"27":[4],"28":[1],"29":[1],"30":[3],"31":[1],"32":[2],"33":[3],"34":[3],"35":[3],"36":[5],"37":[3],"38":[2],"39":[2],"40":[3],"41":[0],"42":[3],"43":[7],"44":[7],"45":[5],"46":[0],"47":[3],"48":[6],"49":[3],"50":[3],"51":[0],"52":[0],"53":[6],"54":[6],"55":[6],"56":[3],"57":[3],"58":[6],"59":[2]},"fnMap":{"0":{"name":"<instance_members_initializer>","decl":{"start":{"line":32,"column":0},"end":{"line":115,"column":1}},"loc":{"start":{"line":32,"column":0},"end":{"line":115,"column":1}},"line":32},"1":{"name":"refreshCache","decl":{"start":{"line":38,"column":4},"end":{"line":44,"column":5}},"loc":{"start":{"line":38,"column":4},"end":{"line":44,"column":5}},"line":38},"2":{"name":"delete","decl":{"start":{"line":46,"column":4},"end":{"line":52,"column":5}},"loc":{"start":{"line":46,"column":4},"end":{"line":52,"column":5}},"line":46},"3":{"name":"getFromCache","decl":{"start":{"line":54,"column":4},"end":{"line":56,"column":5}},"loc":{"start":{"line":54,"column":4},"end":{"line":56,"column":5}},"line":54},"4":{"name":"getFromDB","decl":{"start":{"line":58,"column":4},"end":{"line":64,"column":5}},"loc":{"start":{"line":58,"column":4},"end":{"line":64,"column":5}},"line":58},"5":{"name":"get","decl":{"start":{"line":66,"column":4},"end":{"line":74,"column":5}},"loc":{"start":{"line":66,"column":4},"end":{"line":74,"column":5}},"line":66},"6":{"name":"set","decl":{"start":{"line":76,"column":4},"end":{"line":106,"column":5}},"loc":{"start":{"line":76,"column":4},"end":{"line":106,"column":5}},"line":76},"7":{"name":"DataStore","decl":{"start":{"line":109,"column":4},"end":{"line":114,"column":5}},"loc":{"start":{"line":109,"column":4},"end":{"line":114,"column":5}},"line":109},"8":{"name":"addBalance","decl":{"start":{"line":118,"column":4},"end":{"line":127,"column":5}},"loc":{"start":{"line":118,"column":4},"end":{"line":127,"column":5}},"line":118},"9":{"name":"addArmor","decl":{"start":{"line":129,"column":4},"end":{"line":138,"column":5}},"loc":{"start":{"line":129,"column":4},"end":{"line":138,"column":5}},"line":129},"10":{"name":"addActivityPoints","decl":{"start":{"line":140,"column":4},"end":{"line":149,"column":5}},"loc":{"start":{"line":140,"column":4},"end":{"line":149,"column":5}},"line":140},"11":{"name":"addItem","decl":{"start":{"line":151,"column":4},"end":{"line":192,"column":5}},"loc":{"start":{"line":151,"column":4},"end":{"line":192,"column":5}},"line":151},"12":{"name":"setBalance","decl":{"start":{"line":194,"column":4},"end":{"line":200,"column":5}},"loc":{"start":{"line":194,"column":4},"end":{"line":200,"column":5}},"line":194},"13":{"name":"setActivityPoints","decl":{"start":{"line":202,"column":4},"end":{"line":208,"column":5}},"loc":{"start":{"line":202,"column":4},"end":{"line":208,"column":5}},"line":202},"14":{"name":"getBalance","decl":{"start":{"line":210,"column":4},"end":{"line":213,"column":5}},"loc":{"start":{"line":210,"column":4},"end":{"line":213,"column":5}},"line":210},"15":{"name":"getArmor","decl":{"start":{"line":215,"column":4},"end":{"line":218,"column":5}},"loc":{"start":{"line":215,"column":4},"end":{"line":218,"column":5}},"line":215},"16":{"name":"getActivityPoints","decl":{"start":{"line":220,"column":4},"end":{"line":223,"column":5}},"loc":{"start":{"line":220,"column":4},"end":{"line":223,"column":5}},"line":220},"17":{"name":"getItem","decl":{"start":{"line":225,"column":4},"end":{"line":234,"column":5}},"loc":{"start":{"line":225,"column":4},"end":{"line":234,"column":5}},"line":225},"18":{"name":"getItems","decl":{"start":{"line":236,"column":4},"end":{"line":243,"column":5}},"loc":{"start":{"line":236,"column":4},"end":{"line":243,"column":5}},"line":236},"19":{"name":"Users","decl":{"start":{"line":245,"column":4},"end":{"line":247,"column":5}},"loc":{"start":{"line":245,"column":4},"end":{"line":247,"column":5}},"line":245},"20":{"name":"refreshCache","decl":{"start":{"line":251,"column":4},"end":{"line":263,"column":5}},"loc":{"start":{"line":251,"column":4},"end":{"line":263,"column":5}},"line":251},"21":{"name":"Items","decl":{"start":{"line":265,"column":4},"end":{"line":267,"column":5}},"loc":{"start":{"line":265,"column":4},"end":{"line":267,"column":5}},"line":265},"22":{"name":"refreshCache","decl":{"start":{"line":274,"column":4},"end":{"line":280,"column":5}},"loc":{"start":{"line":274,"column":4},"end":{"line":280,"column":5}},"line":274},"23":{"name":"get","decl":{"start":{"line":282,"column":4},"end":{"line":290,"column":5}},"loc":{"start":{"line":282,"column":4},"end":{"line":290,"column":5}},"line":282},"24":{"name":"getFromDB","decl":{"start":{"line":292,"column":4},"end":{"line":299,"column":5}},"loc":{"start":{"line":292,"column":4},"end":{"line":299,"column":5}},"line":292},"25":{"name":"set","decl":{"start":{"line":301,"column":4},"end":{"line":315,"column":5}},"loc":{"start":{"line":301,"column":4},"end":{"line":315,"column":5}},"line":301},"26":{"name":"updateStockPrice","decl":{"start":{"line":318,"column":4},"end":{"line":322,"column":5}},"loc":{"start":{"line":318,"column":4},"end":{"line":322,"column":5}},"line":318},"27":{"name":"getLatestStocks","decl":{"start":{"line":324,"column":4},"end":{"line":343,"column":5}},"loc":{"start":{"line":324,"column":4},"end":{"line":343,"column":5}},"line":324},"28":{"name":"getLatestStock","decl":{"start":{"line":345,"column":4},"end":{"line":347,"column":5}},"loc":{"start":{"line":345,"column":4},"end":{"line":347,"column":5}},"line":345},"29":{"name":"getStockHistory","decl":{"start":{"line":349,"column":4},"end":{"line":390,"column":5}},"loc":{"start":{"line":349,"column":4},"end":{"line":390,"column":5}},"line":349},"30":{"name":"Stocks","decl":{"start":{"line":392,"column":4},"end":{"line":394,"column":5}},"loc":{"start":{"line":392,"column":4},"end":{"line":394,"column":5}},"line":392}},"f":{"0":6,"1":0,"2":38,"3":30,"4":12,"5":18,"6":28,"7":6,"8":3,"9":3,"10":3,"11":9,"12":0,"13":0,"14":3,"15":3,"16":3,"17":5,"18":3,"19":2,"20":0,"21":2,"22":0,"23":3,"24":3,"25":7,"26":5,"27":0,"28":3,"29":6,"30":2}}
}
