TN:
SF:src/database/db-objects.ts
FN:30,<instance_members_initializer>
FN:36,refreshCache
FN:44,delete
FN:52,getFromCache
FN:56,getFromDB
FN:64,destroyDB
FN:68,get
FN:78,set
FN:102,DataStore
FN:111,addBalance
FN:122,addArmor
FN:133,addActivityPoints
FN:144,addItem
FN:187,setBalance
FN:195,setActivityPoints
FN:203,getBalance
FN:208,getArmor
FN:213,getActivityPoints
FN:218,getItem
FN:229,getItems
FN:238,Users
FN:244,refreshCache
FN:258,Items
FN:264,refreshCache
FN:272,setStockPrice
FN:278,get
FN:295,getLatestStocks
FN:316,getLatestStock
FN:320,Stocks
FNF:29
FNH:20
FNDA:3,<instance_members_initializer>
FNDA:0,refreshCache
FNDA:17,delete
FNDA:9,getFromCache
FNDA:12,getFromDB
FNDA:1,destroyDB
FNDA:18,get
FNDA:24,set
FNDA:3,DataStore
FNDA:3,addBalance
FNDA:3,addArmor
FNDA:3,addActivityPoints
FNDA:9,addItem
FNDA:0,setBalance
FNDA:0,setActivityPoints
FNDA:3,getBalance
FNDA:3,getArmor
FNDA:3,getActivityPoints
FNDA:5,getItem
FNDA:3,getItems
FNDA:1,Users
FNDA:0,refreshCache
FNDA:1,Items
FNDA:0,refreshCache
FNDA:0,setStockPrice
FNDA:0,get
FNDA:0,getLatestStocks
FNDA:0,getLatestStock
FNDA:1,Stocks
DA:1,1
DA:2,1
DA:3,1
DA:4,1
DA:5,1
DA:6,1
DA:7,1
DA:8,1
DA:9,1
DA:10,1
DA:11,1
DA:12,1
DA:13,1
DA:14,1
DA:15,1
DA:16,1
DA:17,1
DA:18,1
DA:19,1
DA:20,1
DA:21,1
DA:22,1
DA:23,1
DA:24,1
DA:25,1
DA:26,1
DA:27,1
DA:28,1
DA:29,1
DA:30,3
DA:31,3
DA:32,3
DA:33,3
DA:34,3
DA:35,3
DA:36,3
DA:37,0
DA:38,0
DA:39,0
DA:40,0
DA:41,0
DA:42,0
DA:43,3
DA:44,3
DA:45,17
DA:46,17
DA:47,17
DA:48,17
DA:49,17
DA:50,17
DA:51,3
DA:52,3
DA:53,9
DA:54,9
DA:55,3
DA:56,3
DA:57,12
DA:58,12
DA:59,12
DA:60,12
DA:61,12
DA:62,12
DA:63,3
DA:64,3
DA:65,1
DA:66,1
DA:67,3
DA:68,3
DA:69,18
DA:70,15
DA:71,15
DA:72,18
DA:73,3
DA:74,3
DA:75,3
DA:76,18
DA:77,3
DA:78,3
DA:79,24
DA:80,24
DA:81,24
DA:82,24
DA:83,24
DA:84,24
DA:85,24
DA:86,10
DA:87,10
DA:88,10
DA:89,10
DA:90,10
DA:91,24
DA:92,14
DA:93,14
DA:94,14
DA:95,14
DA:96,14
DA:97,14
DA:98,24
DA:99,24
DA:100,24
DA:101,3
DA:102,3
DA:103,3
DA:104,3
DA:105,3
DA:106,3
DA:107,3
DA:108,3
DA:109,1
DA:110,1
DA:111,1
DA:112,3
DA:113,3
DA:114,3
DA:115,3
DA:116,3
DA:117,3
DA:118,3
DA:119,3
DA:120,3
DA:121,1
DA:122,1
DA:123,3
DA:124,3
DA:125,3
DA:126,3
DA:127,3
DA:128,3
DA:129,3
DA:130,3
DA:131,3
DA:132,1
DA:133,1
DA:134,3
DA:135,3
DA:136,3
DA:137,3
DA:138,3
DA:139,3
DA:140,3
DA:141,3
DA:142,3
DA:143,1
DA:144,1
DA:145,9
DA:146,9
DA:147,9
DA:148,9
DA:149,9
DA:150,9
DA:151,9
DA:152,9
DA:153,5
DA:154,5
DA:155,5
DA:156,5
DA:157,5
DA:158,5
DA:159,5
DA:160,5
DA:161,5
DA:162,5
DA:163,5
DA:164,9
DA:165,1
DA:166,1
DA:167,3
DA:168,3
DA:169,9
DA:170,1
DA:171,1
DA:172,1
DA:173,1
DA:174,1
DA:175,9
DA:176,2
DA:177,2
DA:178,2
DA:179,2
DA:180,2
DA:181,2
DA:182,2
DA:183,2
DA:184,2
DA:185,9
DA:186,1
DA:187,1
DA:188,0
DA:189,0
DA:190,0
DA:191,0
DA:192,0
DA:193,0
DA:194,1
DA:195,1
DA:196,0
DA:197,0
DA:198,0
DA:199,0
DA:200,0
DA:201,0
DA:202,1
DA:203,1
DA:204,3
DA:205,3
DA:206,3
DA:207,1
DA:208,1
DA:209,3
DA:210,3
DA:211,3
DA:212,1
DA:213,1
DA:214,3
DA:215,3
DA:216,3
DA:217,1
DA:218,1
DA:219,5
DA:220,5
DA:221,5
DA:222,5
DA:223,5
DA:224,5
DA:225,5
DA:226,5
DA:227,5
DA:228,1
DA:229,1
DA:230,3
DA:231,3
DA:232,3
DA:233,3
DA:234,3
DA:235,3
DA:236,3
DA:237,1
DA:238,1
DA:239,1
DA:240,1
DA:241,1
DA:242,1
DA:243,1
DA:244,1
DA:245,0
DA:246,0
DA:247,0
DA:248,0
DA:249,0
DA:250,0
DA:251,0
DA:252,0
DA:253,0
DA:254,0
DA:255,0
DA:256,0
DA:257,1
DA:258,1
DA:259,1
DA:260,1
DA:261,1
DA:262,1
DA:263,1
DA:264,1
DA:265,0
DA:266,0
DA:267,0
DA:268,0
DA:269,0
DA:270,0
DA:271,1
DA:272,1
DA:273,0
DA:274,0
DA:275,0
DA:276,0
DA:277,1
DA:278,1
DA:279,0
DA:280,0
DA:281,0
DA:282,0
DA:283,0
DA:284,0
DA:285,0
DA:286,0
DA:287,0
DA:288,0
DA:289,0
DA:290,0
DA:291,0
DA:292,0
DA:293,0
DA:294,1
DA:295,1
DA:296,0
DA:297,0
DA:298,0
DA:299,0
DA:300,0
DA:301,0
DA:302,0
DA:303,0
DA:304,0
DA:305,0
DA:306,0
DA:307,0
DA:308,0
DA:309,0
DA:310,0
DA:311,0
DA:312,0
DA:313,0
DA:314,0
DA:315,1
DA:316,1
DA:317,0
DA:318,0
DA:319,1
DA:320,1
DA:321,1
DA:322,1
DA:323,1
DA:324,1
DA:325,1
DA:326,1
DA:327,1
DA:328,1
DA:329,1
DA:330,1
DA:331,1
DA:332,1
DA:333,1
DA:334,1
DA:335,1
DA:336,1
DA:337,1
DA:338,1
DA:339,1
DA:340,1
DA:341,1
DA:342,1
DA:343,1
DA:344,1
DA:345,1
DA:346,1
DA:347,1
DA:348,1
DA:349,1
DA:350,1
LF:350
LH:274
BRDA:30,0,0,3
BRDA:44,1,0,17
BRDA:52,2,0,9
BRDA:56,3,0,12
BRDA:64,4,0,1
BRDA:68,5,0,18
BRDA:69,6,0,15
BRDA:72,7,0,3
BRDA:78,8,0,24
BRDA:85,9,0,10
BRDA:91,10,0,14
BRDA:102,11,0,3
BRDA:111,12,0,3
BRDA:114,13,0,2
BRDA:114,14,0,1
BRDA:115,15,0,1
BRDA:122,16,0,3
BRDA:125,17,0,2
BRDA:125,18,0,1
BRDA:126,19,0,1
BRDA:133,20,0,3
BRDA:136,21,0,2
BRDA:136,22,0,1
BRDA:137,23,0,1
BRDA:144,24,0,9
BRDA:152,25,0,6
BRDA:152,26,0,5
BRDA:164,27,0,4
BRDA:164,28,0,1
BRDA:164,29,0,1
BRDA:167,30,0,3
BRDA:169,31,0,1
BRDA:175,32,0,2
BRDA:203,33,0,3
BRDA:208,34,0,3
BRDA:213,35,0,3
BRDA:218,36,0,5
BRDA:229,37,0,3
BRDA:238,38,0,1
BRDA:258,39,0,1
BRDA:320,40,0,1
BRF:41
BRH:41
end_of_record
