TN:
SF:src/database/db-objects.ts
FN:31,<instance_members_initializer>
FN:37,refreshCache
FN:45,delete
FN:53,getFromCache
FN:57,getFromDB
FN:65,destroyDB
FN:69,get
FN:79,set
FN:114,DataStore
FN:123,addBalance
FN:134,addArmor
FN:145,addActivityPoints
FN:156,addItem
FN:199,setBalance
FN:207,setActivityPoints
FN:215,getBalance
FN:220,getArmor
FN:225,getActivityPoints
FN:230,getItem
FN:241,getItems
FN:250,Users
FN:256,refreshCache
FN:270,Items
FN:279,refreshCache
FN:287,get
FN:297,getFromDB
FN:306,set
FN:328,updateStockPrice
FN:334,getLatestStocks
FN:355,getLatestStock
FN:359,getStockHistory
FN:404,Stocks
FNF:32
FNH:24
FNDA:6,<instance_members_initializer>
FNDA:0,refreshCache
FNDA:23,delete
FNDA:30,getFromCache
FNDA:12,getFromDB
FNDA:0,destroyDB
FNDA:18,get
FNDA:25,set
FNDA:6,DataStore
FNDA:3,addBalance
FNDA:3,addArmor
FNDA:3,addActivityPoints
FNDA:9,addItem
FNDA:0,setBalance
FNDA:0,setActivityPoints
FNDA:3,getBalance
FNDA:3,getArmor
FNDA:3,getActivityPoints
FNDA:5,getItem
FNDA:3,getItems
FNDA:2,Users
FNDA:0,refreshCache
FNDA:2,Items
FNDA:0,refreshCache
FNDA:3,get
FNDA:3,getFromDB
FNDA:7,set
FNDA:5,updateStockPrice
FNDA:0,getLatestStocks
FNDA:3,getLatestStock
FNDA:0,getStockHistory
FNDA:2,Stocks
DA:1,1
DA:2,1
DA:3,1
DA:4,1
DA:5,1
DA:6,1
DA:7,1
DA:8,1
DA:9,1
DA:10,1
DA:11,1
DA:12,1
DA:13,1
DA:14,1
DA:15,1
DA:16,1
DA:17,1
DA:18,1
DA:19,1
DA:20,1
DA:21,1
DA:22,1
DA:23,1
DA:24,1
DA:25,1
DA:26,1
DA:27,1
DA:28,1
DA:29,1
DA:30,1
DA:31,6
DA:32,6
DA:33,6
DA:34,6
DA:35,6
DA:36,6
DA:37,6
DA:38,0
DA:39,0
DA:40,0
DA:41,0
DA:42,0
DA:43,0
DA:44,6
DA:45,6
DA:46,23
DA:47,23
DA:48,23
DA:49,23
DA:50,23
DA:51,23
DA:52,6
DA:53,6
DA:54,30
DA:55,30
DA:56,6
DA:57,6
DA:58,12
DA:59,12
DA:60,12
DA:61,12
DA:62,12
DA:63,12
DA:64,6
DA:65,6
DA:66,0
DA:67,0
DA:68,6
DA:69,6
DA:70,18
DA:71,15
DA:72,15
DA:73,18
DA:74,3
DA:75,3
DA:76,3
DA:77,18
DA:78,6
DA:79,6
DA:80,25
DA:81,25
DA:82,25
DA:83,25
DA:84,25
DA:85,25
DA:86,25
DA:87,25
DA:88,25
DA:89,25
DA:90,25
DA:91,25
DA:92,25
DA:93,25
DA:94,10
DA:95,10
DA:96,10
DA:97,10
DA:98,10
DA:99,25
DA:100,15
DA:101,15
DA:102,15
DA:103,15
DA:104,15
DA:105,25
DA:106,0
DA:107,0
DA:108,0
DA:109,0
DA:110,0
DA:111,25
DA:112,6
DA:113,6
DA:114,6
DA:115,6
DA:116,6
DA:117,6
DA:118,6
DA:119,6
DA:120,6
DA:121,1
DA:122,1
DA:123,1
DA:124,3
DA:125,3
DA:126,3
DA:127,3
DA:128,3
DA:129,3
DA:130,3
DA:131,3
DA:132,3
DA:133,1
DA:134,1
DA:135,3
DA:136,3
DA:137,3
DA:138,3
DA:139,3
DA:140,3
DA:141,3
DA:142,3
DA:143,3
DA:144,1
DA:145,1
DA:146,3
DA:147,3
DA:148,3
DA:149,3
DA:150,3
DA:151,3
DA:152,3
DA:153,3
DA:154,3
DA:155,1
DA:156,1
DA:157,9
DA:158,9
DA:159,9
DA:160,9
DA:161,9
DA:162,9
DA:163,9
DA:164,9
DA:165,5
DA:166,5
DA:167,5
DA:168,5
DA:169,5
DA:170,5
DA:171,5
DA:172,5
DA:173,5
DA:174,5
DA:175,5
DA:176,9
DA:177,1
DA:178,1
DA:179,3
DA:180,3
DA:181,9
DA:182,1
DA:183,1
DA:184,1
DA:185,1
DA:186,1
DA:187,9
DA:188,2
DA:189,2
DA:190,2
DA:191,2
DA:192,2
DA:193,2
DA:194,2
DA:195,2
DA:196,2
DA:197,9
DA:198,1
DA:199,1
DA:200,0
DA:201,0
DA:202,0
DA:203,0
DA:204,0
DA:205,0
DA:206,1
DA:207,1
DA:208,0
DA:209,0
DA:210,0
DA:211,0
DA:212,0
DA:213,0
DA:214,1
DA:215,1
DA:216,3
DA:217,3
DA:218,3
DA:219,1
DA:220,1
DA:221,3
DA:222,3
DA:223,3
DA:224,1
DA:225,1
DA:226,3
DA:227,3
DA:228,3
DA:229,1
DA:230,1
DA:231,5
DA:232,5
DA:233,5
DA:234,5
DA:235,5
DA:236,5
DA:237,5
DA:238,5
DA:239,5
DA:240,1
DA:241,1
DA:242,3
DA:243,3
DA:244,3
DA:245,3
DA:246,3
DA:247,3
DA:248,3
DA:249,1
DA:250,1
DA:251,2
DA:252,2
DA:253,1
DA:254,1
DA:255,1
DA:256,1
DA:257,0
DA:258,0
DA:259,0
DA:260,0
DA:261,0
DA:262,0
DA:263,0
DA:264,0
DA:265,0
DA:266,0
DA:267,0
DA:268,0
DA:269,1
DA:270,1
DA:271,2
DA:272,2
DA:273,1
DA:274,1
DA:275,1
DA:276,1
DA:277,1
DA:278,1
DA:279,1
DA:280,0
DA:281,0
DA:282,0
DA:283,0
DA:284,0
DA:285,0
DA:286,1
DA:287,1
DA:288,3
DA:289,3
DA:290,3
DA:291,3
DA:292,0
DA:293,0
DA:294,0
DA:295,3
DA:296,1
DA:297,1
DA:298,3
DA:299,3
DA:300,3
DA:301,3
DA:302,3
DA:303,3
DA:304,3
DA:305,1
DA:306,1
DA:307,7
DA:308,7
DA:309,7
DA:310,7
DA:311,7
DA:312,7
DA:313,7
DA:314,7
DA:315,7
DA:316,7
DA:317,7
DA:318,7
DA:319,7
DA:320,0
DA:321,0
DA:322,0
DA:323,0
DA:324,0
DA:325,7
DA:326,1
DA:327,1
DA:328,1
DA:329,5
DA:330,5
DA:331,5
DA:332,5
DA:333,1
DA:334,1
DA:335,0
DA:336,0
DA:337,0
DA:338,0
DA:339,0
DA:340,0
DA:341,0
DA:342,0
DA:343,0
DA:344,0
DA:345,0
DA:346,0
DA:347,0
DA:348,0
DA:349,0
DA:350,0
DA:351,0
DA:352,0
DA:353,0
DA:354,1
DA:355,1
DA:356,3
DA:357,3
DA:358,1
DA:359,1
DA:360,0
DA:361,0
DA:362,0
DA:363,0
DA:364,0
DA:365,0
DA:366,0
DA:367,0
DA:368,0
DA:369,0
DA:370,0
DA:371,0
DA:372,0
DA:373,0
DA:374,0
DA:375,0
DA:376,0
DA:377,0
DA:378,0
DA:379,0
DA:380,0
DA:381,0
DA:382,0
DA:383,0
DA:384,0
DA:385,0
DA:386,0
DA:387,0
DA:388,0
DA:389,0
DA:390,0
DA:391,0
DA:392,0
DA:393,0
DA:394,0
DA:395,0
DA:396,0
DA:397,0
DA:398,0
DA:399,0
DA:400,0
DA:401,0
DA:402,0
DA:403,1
DA:404,1
DA:405,2
DA:406,2
DA:407,1
DA:408,1
DA:409,1
DA:410,1
DA:411,1
DA:412,1
DA:413,1
DA:414,1
DA:415,1
DA:416,1
DA:417,1
DA:418,1
DA:419,1
DA:420,1
DA:421,1
DA:422,1
DA:423,1
DA:424,1
DA:425,1
DA:426,1
DA:427,1
DA:428,1
DA:429,1
DA:430,1
DA:431,1
DA:432,1
DA:433,1
DA:434,1
LF:434
LH:321
BRDA:31,0,0,6
BRDA:45,1,0,23
BRDA:53,2,0,30
BRDA:57,3,0,12
BRDA:69,4,0,18
BRDA:70,5,0,15
BRDA:73,6,0,3
BRDA:79,7,0,25
BRDA:82,8,0,15
BRDA:93,9,0,10
BRDA:99,10,0,15
BRDA:105,11,0,0
BRDA:114,12,0,6
BRDA:123,13,0,3
BRDA:126,14,0,2
BRDA:126,15,0,1
BRDA:127,16,0,1
BRDA:134,17,0,3
BRDA:137,18,0,2
BRDA:137,19,0,1
BRDA:138,20,0,1
BRDA:145,21,0,3
BRDA:148,22,0,2
BRDA:148,23,0,1
BRDA:149,24,0,1
BRDA:156,25,0,9
BRDA:164,26,0,6
BRDA:164,27,0,5
BRDA:176,28,0,4
BRDA:176,29,0,1
BRDA:176,30,0,1
BRDA:179,31,0,3
BRDA:181,32,0,1
BRDA:187,33,0,2
BRDA:215,34,0,3
BRDA:220,35,0,3
BRDA:225,36,0,3
BRDA:230,37,0,5
BRDA:241,38,0,3
BRDA:250,39,0,2
BRDA:270,40,0,2
BRDA:287,41,0,3
BRDA:291,42,0,0
BRDA:297,43,0,3
BRDA:306,44,0,7
BRDA:310,45,0,3
BRDA:319,46,0,0
BRDA:328,47,0,5
BRDA:329,48,0,0
BRDA:355,49,0,3
BRDA:404,50,0,2
BRF:51
BRH:47
end_of_record
